[2019-02-13 22:48:17.231] [exthost] [info] extension host started
[2019-02-13 22:48:17.271] [exthost] [info] ExtensionService#_doActivateExtension vscode.debug-auto-launch {"startup":true,"activationEvent":"*"}
[2019-02-13 22:48:17.271] [exthost] [info] ExtensionService#loadCommonJSModule e:\tmp\fbi-61-62-labs\x64\vscode\resources\app\extensions\debug-auto-launch\dist\extension
[2019-02-13 22:48:17.361] [exthost] [info] ExtensionService#_doActivateExtension vscode.emmet {"startup":true,"activationEvent":"*"}
[2019-02-13 22:48:17.361] [exthost] [info] ExtensionService#loadCommonJSModule e:\tmp\fbi-61-62-labs\x64\vscode\resources\app\extensions\emmet\dist\extension
[2019-02-13 22:48:17.536] [exthost] [info] ExtensionService#_doActivateExtension vscode.git {"startup":true,"activationEvent":"*"}
[2019-02-13 22:48:17.536] [exthost] [info] ExtensionService#loadCommonJSModule e:\tmp\fbi-61-62-labs\x64\vscode\resources\app\extensions\git\dist\main
[2019-02-13 22:48:17.764] [exthost] [info] ExtensionService#_doActivateExtension vscode.merge-conflict {"startup":true,"activationEvent":"*"}
[2019-02-13 22:48:17.764] [exthost] [info] ExtensionService#loadCommonJSModule e:\tmp\fbi-61-62-labs\x64\vscode\resources\app\extensions\merge-conflict\dist\extension
[2019-02-13 22:48:19.323] [exthost] [info] ExtensionService#_doActivateExtension ms-vscode.csharp {"startup":true,"activationEvent":"workspaceContains:*.csproj,*.sln,*.csx,*.cake,**/*.csproj,**/*.sln,**/*.csx,**/*.cake"}
[2019-02-13 22:48:19.323] [exthost] [info] ExtensionService#loadCommonJSModule E:\tmp\fbi-61-62-labs\x64\vscode\data\extensions\ms-vscode.csharp-1.17.1\out\src\main
[2019-02-13 22:48:40.168] [exthost] [info] eager extensions activated
[2019-02-13 22:49:07.963] [exthost] [error] [ms-vscode.csharp] provider FAILED
[2019-02-13 22:49:07.963] [exthost] [error] Error: Pending request cancelled: /v2/blockstructure
	at RequestQueue.cancelRequest (E:\tmp\fbi-61-62-labs\x64\vscode\data\extensions\ms-vscode.csharp-1.17.1\out\src\omnisharp\requestQueue.js:45:29)
	at RequestQueueCollection.cancelRequest (E:\tmp\fbi-61-62-labs\x64\vscode\data\extensions\ms-vscode.csharp-1.17.1\out\src\omnisharp\requestQueue.js:115:15)
	at makeRequest.token.onCancellationRequested (E:\tmp\fbi-61-62-labs\x64\vscode\data\extensions\ms-vscode.csharp-1.17.1\out\src\omnisharp\server.js:413:40)
	at e.fire (e:\tmp\fbi-61-62-labs\x64\vscode\resources\app\out\vs\workbench\services\extensions\node\extensionHostProcess.js:44:113)
	at e.cancel (e:\tmp\fbi-61-62-labs\x64\vscode\resources\app\out\vs\workbench\services\extensions\node\extensionHostProcess.js:48:230)
	at e.cancel (e:\tmp\fbi-61-62-labs\x64\vscode\resources\app\out\vs\workbench\services\extensions\node\extensionHostProcess.js:48:952)
	at Object.c (e:\tmp\fbi-61-62-labs\x64\vscode\resources\app\out\vs\workbench\services\extensions\node\extensionHostProcess.js:642:300)
	at t._receiveCancel (e:\tmp\fbi-61-62-labs\x64\vscode\resources\app\out\vs\workbench\services\extensions\node\extensionHostProcess.js:643:64)
	at t._receiveOneMessage (e:\tmp\fbi-61-62-labs\x64\vscode\resources\app\out\vs\workbench\services\extensions\node\extensionHostProcess.js:641:505)
	at e:\tmp\fbi-61-62-labs\x64\vscode\resources\app\out\vs\workbench\services\extensions\node\extensionHostProcess.js:638:960
	at e:\tmp\fbi-61-62-labs\x64\vscode\resources\app\out\vs\workbench\services\extensions\node\extensionHostProcess.js:38:994
	at e.fire (e:\tmp\fbi-61-62-labs\x64\vscode\resources\app\out\vs\workbench\services\extensions\node\extensionHostProcess.js:44:113)
	at a (e:\tmp\fbi-61-62-labs\x64\vscode\resources\app\out\vs\workbench\services\extensions\node\extensionHostProcess.js:170:213)
	at Socket.f._socketDataListener (e:\tmp\fbi-61-62-labs\x64\vscode\resources\app\out\vs\workbench\services\extensions\node\extensionHostProcess.js:170:434)
	at Socket.emit (events.js:182:13)
	at addChunk (_stream_readable.js:279:12)
	at readableAddChunk (_stream_readable.js:264:11)
	at Socket.Readable.push (_stream_readable.js:219:10)
	at Pipe.onread (net.js:636:20)
[2019-02-13 22:49:07.963] [exthost] [error] [ms-vscode.csharp] provider FAILED
[2019-02-13 22:49:07.964] [exthost] [error] Error: Pending request cancelled: /v2/codestructure
	at RequestQueue.cancelRequest (E:\tmp\fbi-61-62-labs\x64\vscode\data\extensions\ms-vscode.csharp-1.17.1\out\src\omnisharp\requestQueue.js:45:29)
	at RequestQueueCollection.cancelRequest (E:\tmp\fbi-61-62-labs\x64\vscode\data\extensions\ms-vscode.csharp-1.17.1\out\src\omnisharp\requestQueue.js:115:15)
	at makeRequest.token.onCancellationRequested (E:\tmp\fbi-61-62-labs\x64\vscode\data\extensions\ms-vscode.csharp-1.17.1\out\src\omnisharp\server.js:413:40)
	at e.fire (e:\tmp\fbi-61-62-labs\x64\vscode\resources\app\out\vs\workbench\services\extensions\node\extensionHostProcess.js:44:113)
	at e.cancel (e:\tmp\fbi-61-62-labs\x64\vscode\resources\app\out\vs\workbench\services\extensions\node\extensionHostProcess.js:48:230)
	at e.cancel (e:\tmp\fbi-61-62-labs\x64\vscode\resources\app\out\vs\workbench\services\extensions\node\extensionHostProcess.js:48:952)
	at Object.c (e:\tmp\fbi-61-62-labs\x64\vscode\resources\app\out\vs\workbench\services\extensions\node\extensionHostProcess.js:642:300)
	at t._receiveCancel (e:\tmp\fbi-61-62-labs\x64\vscode\resources\app\out\vs\workbench\services\extensions\node\extensionHostProcess.js:643:64)
	at t._receiveOneMessage (e:\tmp\fbi-61-62-labs\x64\vscode\resources\app\out\vs\workbench\services\extensions\node\extensionHostProcess.js:641:505)
	at e:\tmp\fbi-61-62-labs\x64\vscode\resources\app\out\vs\workbench\services\extensions\node\extensionHostProcess.js:638:960
	at e:\tmp\fbi-61-62-labs\x64\vscode\resources\app\out\vs\workbench\services\extensions\node\extensionHostProcess.js:38:994
	at e.fire (e:\tmp\fbi-61-62-labs\x64\vscode\resources\app\out\vs\workbench\services\extensions\node\extensionHostProcess.js:44:113)
	at a (e:\tmp\fbi-61-62-labs\x64\vscode\resources\app\out\vs\workbench\services\extensions\node\extensionHostProcess.js:170:213)
	at Socket.f._socketDataListener (e:\tmp\fbi-61-62-labs\x64\vscode\resources\app\out\vs\workbench\services\extensions\node\extensionHostProcess.js:170:434)
	at Socket.emit (events.js:182:13)
	at addChunk (_stream_readable.js:279:12)
	at readableAddChunk (_stream_readable.js:264:11)
	at Socket.Readable.push (_stream_readable.js:219:10)
	at Pipe.onread (net.js:636:20)
[2019-02-13 22:49:07.964] [exthost] [error] [ms-vscode.csharp] provider FAILED
[2019-02-13 22:49:07.964] [exthost] [error] Problem invoking 'GetCodeActions' on OmniSharp server: Error: Pending request cancelled: /v2/getcodeactions
[2019-02-13 23:03:04.416] [exthost] [error] [ms-vscode.csharp] provider FAILED
[2019-02-13 23:03:04.416] [exthost] [error] "System.NullReferenceException: Ссылка на объект не указывает на экземпляр объекта.\r\n   в OmniSharp.Roslyn.CSharp.Services.Structure.BlockStructureService.<Handle>d__12.MoveNext()\r\n--- Конец трассировка стека из предыдущего расположения, где возникло исключение ---\r\n   в System.Runtime.ExceptionServices.ExceptionDispatchInfo.Throw()\r\n   в System.Runtime.CompilerServices.TaskAwaiter.HandleNonSuccessAndDebuggerNotification(Task task)\r\n   в OmniSharp.Endpoint.EndpointHandler`2.<HandleSingleRequest>d__18.MoveNext()\r\n--- Конец трассировка стека из предыдущего расположения, где возникло исключение ---\r\n   в System.Runtime.ExceptionServices.ExceptionDispatchInfo.Throw()\r\n   в System.Runtime.CompilerServices.TaskAwaiter.HandleNonSuccessAndDebuggerNotification(Task task)\r\n   в OmniSharp.Endpoint.EndpointHandler`2.<Process>d__16.MoveNext()\r\n--- Конец трассировка стека из предыдущего расположения, где возникло исключение ---\r\n   в System.Runtime.ExceptionServices.ExceptionDispatchInfo.Throw()\r\n   в System.Runtime.CompilerServices.TaskAwaiter.HandleNonSuccessAndDebuggerNotification(Task task)\r\n   в OmniSharp.Stdio.Host.<HandleRequest>d__13.MoveNext()"
[2019-02-13 23:03:28.737] [exthost] [error] [ms-vscode.csharp] provider FAILED
[2019-02-13 23:03:28.737] [exthost] [error] "System.NullReferenceException: Ссылка на объект не указывает на экземпляр объекта.\r\n   в OmniSharp.Roslyn.CSharp.Services.Structure.BlockStructureService.<Handle>d__12.MoveNext()\r\n--- Конец трассировка стека из предыдущего расположения, где возникло исключение ---\r\n   в System.Runtime.ExceptionServices.ExceptionDispatchInfo.Throw()\r\n   в System.Runtime.CompilerServices.TaskAwaiter.HandleNonSuccessAndDebuggerNotification(Task task)\r\n   в OmniSharp.Endpoint.EndpointHandler`2.<HandleSingleRequest>d__18.MoveNext()\r\n--- Конец трассировка стека из предыдущего расположения, где возникло исключение ---\r\n   в System.Runtime.ExceptionServices.ExceptionDispatchInfo.Throw()\r\n   в System.Runtime.CompilerServices.TaskAwaiter.HandleNonSuccessAndDebuggerNotification(Task task)\r\n   в OmniSharp.Endpoint.EndpointHandler`2.<Process>d__16.MoveNext()\r\n--- Конец трассировка стека из предыдущего расположения, где возникло исключение ---\r\n   в System.Runtime.ExceptionServices.ExceptionDispatchInfo.Throw()\r\n   в System.Runtime.CompilerServices.TaskAwaiter.HandleNonSuccessAndDebuggerNotification(Task task)\r\n   в OmniSharp.Stdio.Host.<HandleRequest>d__13.MoveNext()"
[2019-02-13 23:13:57.618] [exthost] [info] ExtensionService#_doActivateExtension ms-vscode.references-view {"startup":false,"activationEvent":"onCommand:editor.action.showReferences"}
[2019-02-13 23:13:57.618] [exthost] [info] ExtensionService#loadCommonJSModule e:\tmp\fbi-61-62-labs\x64\vscode\resources\app\extensions\ms-vscode.references-view\out\src\extension
[2019-02-13 23:55:52.183] [exthost] [info] extension host started
[2019-02-13 23:55:52.258] [exthost] [info] ExtensionService#_doActivateExtension vscode.debug-auto-launch {"startup":true,"activationEvent":"*"}
[2019-02-13 23:55:52.258] [exthost] [info] ExtensionService#loadCommonJSModule e:\tmp\fbi-61-62-labs\x64\vscode\resources\app\extensions\debug-auto-launch\dist\extension
[2019-02-13 23:55:52.326] [exthost] [info] ExtensionService#_doActivateExtension vscode.emmet {"startup":true,"activationEvent":"*"}
[2019-02-13 23:55:52.326] [exthost] [info] ExtensionService#loadCommonJSModule e:\tmp\fbi-61-62-labs\x64\vscode\resources\app\extensions\emmet\dist\extension
[2019-02-13 23:55:52.409] [exthost] [info] ExtensionService#_doActivateExtension vscode.git {"startup":true,"activationEvent":"*"}
[2019-02-13 23:55:52.409] [exthost] [info] ExtensionService#loadCommonJSModule e:\tmp\fbi-61-62-labs\x64\vscode\resources\app\extensions\git\dist\main
[2019-02-13 23:55:52.563] [exthost] [info] ExtensionService#_doActivateExtension vscode.merge-conflict {"startup":true,"activationEvent":"*"}
[2019-02-13 23:55:52.563] [exthost] [info] ExtensionService#loadCommonJSModule e:\tmp\fbi-61-62-labs\x64\vscode\resources\app\extensions\merge-conflict\dist\extension
[2019-02-13 23:55:52.624] [exthost] [info] eager extensions activated
[2019-02-13 23:57:57.999] [exthost] [info] extension host started
[2019-02-13 23:57:58.036] [exthost] [info] ExtensionService#_doActivateExtension vscode.debug-auto-launch {"startup":true,"activationEvent":"*"}
[2019-02-13 23:57:58.036] [exthost] [info] ExtensionService#loadCommonJSModule e:\tmp\fbi-61-62-labs\x64\vscode\resources\app\extensions\debug-auto-launch\dist\extension
[2019-02-13 23:57:58.039] [exthost] [info] ExtensionService#_doActivateExtension vscode.emmet {"startup":true,"activationEvent":"*"}
[2019-02-13 23:57:58.039] [exthost] [info] ExtensionService#loadCommonJSModule e:\tmp\fbi-61-62-labs\x64\vscode\resources\app\extensions\emmet\dist\extension
[2019-02-13 23:57:58.044] [exthost] [info] ExtensionService#_doActivateExtension vscode.git {"startup":true,"activationEvent":"*"}
[2019-02-13 23:57:58.044] [exthost] [info] ExtensionService#loadCommonJSModule e:\tmp\fbi-61-62-labs\x64\vscode\resources\app\extensions\git\dist\main
[2019-02-13 23:57:58.088] [exthost] [info] ExtensionService#_doActivateExtension vscode.merge-conflict {"startup":true,"activationEvent":"*"}
[2019-02-13 23:57:58.088] [exthost] [info] ExtensionService#loadCommonJSModule e:\tmp\fbi-61-62-labs\x64\vscode\resources\app\extensions\merge-conflict\dist\extension
[2019-02-13 23:57:59.809] [exthost] [info] ExtensionService#_doActivateExtension ms-vscode.csharp {"startup":true,"activationEvent":"workspaceContains:*.csproj,*.sln,*.csx,*.cake,**/*.csproj,**/*.sln,**/*.csx,**/*.cake"}
[2019-02-13 23:57:59.809] [exthost] [info] ExtensionService#loadCommonJSModule E:\tmp\fbi-61-62-labs\x64\vscode\data\extensions\ms-vscode.csharp-1.17.1\out\src\main
[2019-02-13 23:58:12.772] [exthost] [info] eager extensions activated
[2019-02-13 23:58:12.831] [exthost] [info] ExtensionService#_doActivateExtension ms-vscode.node-debug2 {"startup":false,"activationEvent":"onDebugInitialConfigurations"}
[2019-02-13 23:58:12.831] [exthost] [info] ExtensionService#loadCommonJSModule e:\tmp\fbi-61-62-labs\x64\vscode\resources\app\extensions\ms-vscode.node-debug2\out\src\extension
[2019-02-13 23:58:12.889] [exthost] [info] ExtensionService#_doActivateExtension ms-vscode.node-debug {"startup":false,"activationEvent":"onDebugInitialConfigurations"}
[2019-02-13 23:58:12.889] [exthost] [info] ExtensionService#loadCommonJSModule e:\tmp\fbi-61-62-labs\x64\vscode\resources\app\extensions\ms-vscode.node-debug\dist\extension.js
[2019-02-13 23:58:32.965] [exthost] [info] ExtensionService#_doActivateExtension vscode.configuration-editing {"startup":false,"activationEvent":"onLanguage:jsonc"}
[2019-02-13 23:58:32.965] [exthost] [info] ExtensionService#loadCommonJSModule e:\tmp\fbi-61-62-labs\x64\vscode\resources\app\extensions\configuration-editing\dist\extension
[2019-02-13 23:58:33.053] [exthost] [info] ExtensionService#_doActivateExtension vscode.json-language-features {"startup":false,"activationEvent":"onLanguage:jsonc"}
[2019-02-13 23:58:33.054] [exthost] [info] ExtensionService#loadCommonJSModule e:\tmp\fbi-61-62-labs\x64\vscode\resources\app\extensions\json-language-features\client\dist\jsonMain
[2019-02-13 23:58:33.218] [exthost] [info] ExtensionService#_doActivateExtension vscode.typescript-language-features {"startup":false,"activationEvent":"onLanguage:jsonc"}
[2019-02-13 23:58:33.218] [exthost] [info] ExtensionService#loadCommonJSModule e:\tmp\fbi-61-62-labs\x64\vscode\resources\app\extensions\typescript-language-features\dist\extension
[2019-02-13 23:58:39.158] [exthost] [info] ExtensionService#_doActivateExtension vscode.grunt {"startup":false,"activationEvent":"onCommand:workbench.action.tasks.runTask"}
[2019-02-13 23:58:39.158] [exthost] [info] ExtensionService#loadCommonJSModule e:\tmp\fbi-61-62-labs\x64\vscode\resources\app\extensions\grunt\dist\main
[2019-02-13 23:58:39.464] [exthost] [info] ExtensionService#_doActivateExtension vscode.gulp {"startup":false,"activationEvent":"onCommand:workbench.action.tasks.runTask"}
[2019-02-13 23:58:39.464] [exthost] [info] ExtensionService#loadCommonJSModule e:\tmp\fbi-61-62-labs\x64\vscode\resources\app\extensions\gulp\dist\main
[2019-02-13 23:58:39.518] [exthost] [info] ExtensionService#_doActivateExtension vscode.jake {"startup":false,"activationEvent":"onCommand:workbench.action.tasks.runTask"}
[2019-02-13 23:58:39.518] [exthost] [info] ExtensionService#loadCommonJSModule e:\tmp\fbi-61-62-labs\x64\vscode\resources\app\extensions\jake\dist\main
[2019-02-13 23:58:39.583] [exthost] [info] ExtensionService#_doActivateExtension vscode.npm {"startup":false,"activationEvent":"onCommand:workbench.action.tasks.runTask"}
[2019-02-13 23:58:39.583] [exthost] [info] ExtensionService#loadCommonJSModule e:\tmp\fbi-61-62-labs\x64\vscode\resources\app\extensions\npm\dist\main
[2019-02-13 23:59:19.313] [exthost] [info] extension host started
[2019-02-13 23:59:19.347] [exthost] [info] ExtensionService#_doActivateExtension vscode.debug-auto-launch {"startup":true,"activationEvent":"*"}
[2019-02-13 23:59:19.347] [exthost] [info] ExtensionService#loadCommonJSModule e:\tmp\fbi-61-62-labs\x64\vscode\resources\app\extensions\debug-auto-launch\dist\extension
[2019-02-13 23:59:19.351] [exthost] [info] ExtensionService#_doActivateExtension vscode.emmet {"startup":true,"activationEvent":"*"}
[2019-02-13 23:59:19.351] [exthost] [info] ExtensionService#loadCommonJSModule e:\tmp\fbi-61-62-labs\x64\vscode\resources\app\extensions\emmet\dist\extension
[2019-02-13 23:59:19.356] [exthost] [info] ExtensionService#_doActivateExtension vscode.git {"startup":true,"activationEvent":"*"}
[2019-02-13 23:59:19.356] [exthost] [info] ExtensionService#loadCommonJSModule e:\tmp\fbi-61-62-labs\x64\vscode\resources\app\extensions\git\dist\main
[2019-02-13 23:59:19.406] [exthost] [info] ExtensionService#_doActivateExtension vscode.merge-conflict {"startup":true,"activationEvent":"*"}
[2019-02-13 23:59:19.406] [exthost] [info] ExtensionService#loadCommonJSModule e:\tmp\fbi-61-62-labs\x64\vscode\resources\app\extensions\merge-conflict\dist\extension
[2019-02-13 23:59:19.410] [exthost] [info] eager extensions activated
[2019-02-13 23:59:50.464] [exthost] [info] extension host started
[2019-02-13 23:59:50.497] [exthost] [info] ExtensionService#_doActivateExtension vscode.debug-auto-launch {"startup":true,"activationEvent":"*"}
[2019-02-13 23:59:50.497] [exthost] [info] ExtensionService#loadCommonJSModule e:\tmp\fbi-61-62-labs\x64\vscode\resources\app\extensions\debug-auto-launch\dist\extension
[2019-02-13 23:59:50.501] [exthost] [info] ExtensionService#_doActivateExtension vscode.emmet {"startup":true,"activationEvent":"*"}
[2019-02-13 23:59:50.501] [exthost] [info] ExtensionService#loadCommonJSModule e:\tmp\fbi-61-62-labs\x64\vscode\resources\app\extensions\emmet\dist\extension
[2019-02-13 23:59:50.506] [exthost] [info] ExtensionService#_doActivateExtension vscode.git {"startup":true,"activationEvent":"*"}
[2019-02-13 23:59:50.506] [exthost] [info] ExtensionService#loadCommonJSModule e:\tmp\fbi-61-62-labs\x64\vscode\resources\app\extensions\git\dist\main
[2019-02-13 23:59:50.547] [exthost] [info] ExtensionService#_doActivateExtension vscode.merge-conflict {"startup":true,"activationEvent":"*"}
[2019-02-13 23:59:50.547] [exthost] [info] ExtensionService#loadCommonJSModule e:\tmp\fbi-61-62-labs\x64\vscode\resources\app\extensions\merge-conflict\dist\extension
[2019-02-13 23:59:51.332] [exthost] [info] ExtensionService#_doActivateExtension ms-vscode.csharp {"startup":true,"activationEvent":"workspaceContains:*.csproj,*.sln,*.csx,*.cake,**/*.csproj,**/*.sln,**/*.csx,**/*.cake"}
[2019-02-13 23:59:51.332] [exthost] [info] ExtensionService#loadCommonJSModule E:\tmp\fbi-61-62-labs\x64\vscode\data\extensions\ms-vscode.csharp-1.17.1\out\src\main
[2019-02-13 23:59:54.423] [exthost] [info] eager extensions activated
[2019-02-13 23:59:54.481] [exthost] [info] ExtensionService#_doActivateExtension ms-vscode.node-debug2 {"startup":false,"activationEvent":"onDebugInitialConfigurations"}
[2019-02-13 23:59:54.481] [exthost] [info] ExtensionService#loadCommonJSModule e:\tmp\fbi-61-62-labs\x64\vscode\resources\app\extensions\ms-vscode.node-debug2\out\src\extension
[2019-02-13 23:59:54.484] [exthost] [info] ExtensionService#_doActivateExtension ms-vscode.node-debug {"startup":false,"activationEvent":"onDebugInitialConfigurations"}
[2019-02-13 23:59:54.484] [exthost] [info] ExtensionService#loadCommonJSModule e:\tmp\fbi-61-62-labs\x64\vscode\resources\app\extensions\ms-vscode.node-debug\dist\extension.js
[2019-02-14 00:00:00.878] [exthost] [info] ExtensionService#_doActivateExtension vscode.configuration-editing {"startup":false,"activationEvent":"onLanguage:jsonc"}
[2019-02-14 00:00:00.878] [exthost] [info] ExtensionService#loadCommonJSModule e:\tmp\fbi-61-62-labs\x64\vscode\resources\app\extensions\configuration-editing\dist\extension
[2019-02-14 00:00:00.882] [exthost] [info] ExtensionService#_doActivateExtension vscode.json-language-features {"startup":false,"activationEvent":"onLanguage:jsonc"}
[2019-02-14 00:00:00.882] [exthost] [info] ExtensionService#loadCommonJSModule e:\tmp\fbi-61-62-labs\x64\vscode\resources\app\extensions\json-language-features\client\dist\jsonMain
[2019-02-14 00:00:00.899] [exthost] [info] ExtensionService#_doActivateExtension vscode.typescript-language-features {"startup":false,"activationEvent":"onLanguage:jsonc"}
[2019-02-14 00:00:00.899] [exthost] [info] ExtensionService#loadCommonJSModule e:\tmp\fbi-61-62-labs\x64\vscode\resources\app\extensions\typescript-language-features\dist\extension
[2019-02-14 00:00:02.987] [exthost] [info] ExtensionService#_doActivateExtension vscode.grunt {"startup":false,"activationEvent":"onCommand:workbench.action.tasks.runTask"}
[2019-02-14 00:00:02.987] [exthost] [info] ExtensionService#loadCommonJSModule e:\tmp\fbi-61-62-labs\x64\vscode\resources\app\extensions\grunt\dist\main
[2019-02-14 00:00:02.990] [exthost] [info] ExtensionService#_doActivateExtension vscode.gulp {"startup":false,"activationEvent":"onCommand:workbench.action.tasks.runTask"}
[2019-02-14 00:00:02.990] [exthost] [info] ExtensionService#loadCommonJSModule e:\tmp\fbi-61-62-labs\x64\vscode\resources\app\extensions\gulp\dist\main
[2019-02-14 00:00:02.992] [exthost] [info] ExtensionService#_doActivateExtension vscode.jake {"startup":false,"activationEvent":"onCommand:workbench.action.tasks.runTask"}
[2019-02-14 00:00:02.992] [exthost] [info] ExtensionService#loadCommonJSModule e:\tmp\fbi-61-62-labs\x64\vscode\resources\app\extensions\jake\dist\main
[2019-02-14 00:00:02.994] [exthost] [info] ExtensionService#_doActivateExtension vscode.npm {"startup":false,"activationEvent":"onCommand:workbench.action.tasks.runTask"}
[2019-02-14 00:00:02.994] [exthost] [info] ExtensionService#loadCommonJSModule e:\tmp\fbi-61-62-labs\x64\vscode\resources\app\extensions\npm\dist\main
[2019-02-14 00:00:20.647] [exthost] [info] extension host started
[2019-02-14 00:00:20.681] [exthost] [info] ExtensionService#_doActivateExtension vscode.debug-auto-launch {"startup":true,"activationEvent":"*"}
[2019-02-14 00:00:20.681] [exthost] [info] ExtensionService#loadCommonJSModule e:\tmp\fbi-61-62-labs\x64\vscode\resources\app\extensions\debug-auto-launch\dist\extension
[2019-02-14 00:00:20.685] [exthost] [info] ExtensionService#_doActivateExtension vscode.emmet {"startup":true,"activationEvent":"*"}
[2019-02-14 00:00:20.685] [exthost] [info] ExtensionService#loadCommonJSModule e:\tmp\fbi-61-62-labs\x64\vscode\resources\app\extensions\emmet\dist\extension
[2019-02-14 00:00:20.690] [exthost] [info] ExtensionService#_doActivateExtension vscode.git {"startup":true,"activationEvent":"*"}
[2019-02-14 00:00:20.690] [exthost] [info] ExtensionService#loadCommonJSModule e:\tmp\fbi-61-62-labs\x64\vscode\resources\app\extensions\git\dist\main
[2019-02-14 00:00:20.733] [exthost] [info] ExtensionService#_doActivateExtension vscode.merge-conflict {"startup":true,"activationEvent":"*"}
[2019-02-14 00:00:20.733] [exthost] [info] ExtensionService#loadCommonJSModule e:\tmp\fbi-61-62-labs\x64\vscode\resources\app\extensions\merge-conflict\dist\extension
[2019-02-14 00:00:20.736] [exthost] [info] eager extensions activated
[2019-02-14 00:01:01.629] [exthost] [info] extension host started
[2019-02-14 00:01:01.665] [exthost] [info] ExtensionService#_doActivateExtension vscode.debug-auto-launch {"startup":true,"activationEvent":"*"}
[2019-02-14 00:01:01.665] [exthost] [info] ExtensionService#loadCommonJSModule e:\tmp\fbi-61-62-labs\x64\vscode\resources\app\extensions\debug-auto-launch\dist\extension
[2019-02-14 00:01:01.669] [exthost] [info] ExtensionService#_doActivateExtension vscode.emmet {"startup":true,"activationEvent":"*"}
[2019-02-14 00:01:01.669] [exthost] [info] ExtensionService#loadCommonJSModule e:\tmp\fbi-61-62-labs\x64\vscode\resources\app\extensions\emmet\dist\extension
[2019-02-14 00:01:01.674] [exthost] [info] ExtensionService#_doActivateExtension vscode.git {"startup":true,"activationEvent":"*"}
[2019-02-14 00:01:01.674] [exthost] [info] ExtensionService#loadCommonJSModule e:\tmp\fbi-61-62-labs\x64\vscode\resources\app\extensions\git\dist\main
[2019-02-14 00:01:01.714] [exthost] [info] ExtensionService#_doActivateExtension vscode.merge-conflict {"startup":true,"activationEvent":"*"}
[2019-02-14 00:01:01.714] [exthost] [info] ExtensionService#loadCommonJSModule e:\tmp\fbi-61-62-labs\x64\vscode\resources\app\extensions\merge-conflict\dist\extension
[2019-02-14 00:01:01.718] [exthost] [info] ExtensionService#_doActivateExtension ms-vscode.csharp {"startup":false,"activationEvent":"onDebug"}
[2019-02-14 00:01:01.718] [exthost] [info] ExtensionService#loadCommonJSModule E:\tmp\fbi-61-62-labs\x64\vscode\data\extensions\ms-vscode.csharp-1.17.1\out\src\main
[2019-02-14 00:01:04.111] [exthost] [info] eager extensions activated
[2019-02-14 00:01:04.172] [exthost] [info] ExtensionService#_doActivateExtension ms-vscode.node-debug2 {"startup":false,"activationEvent":"onDebugInitialConfigurations"}
[2019-02-14 00:01:04.172] [exthost] [info] ExtensionService#loadCommonJSModule e:\tmp\fbi-61-62-labs\x64\vscode\resources\app\extensions\ms-vscode.node-debug2\out\src\extension
[2019-02-14 00:01:04.175] [exthost] [info] ExtensionService#_doActivateExtension ms-vscode.node-debug {"startup":false,"activationEvent":"onDebugInitialConfigurations"}
[2019-02-14 00:01:04.175] [exthost] [info] ExtensionService#loadCommonJSModule e:\tmp\fbi-61-62-labs\x64\vscode\resources\app\extensions\ms-vscode.node-debug\dist\extension.js
[2019-02-14 00:01:11.700] [exthost] [info] ExtensionService#_doActivateExtension vscode.configuration-editing {"startup":false,"activationEvent":"onLanguage:jsonc"}
[2019-02-14 00:01:11.700] [exthost] [info] ExtensionService#loadCommonJSModule e:\tmp\fbi-61-62-labs\x64\vscode\resources\app\extensions\configuration-editing\dist\extension
[2019-02-14 00:01:11.704] [exthost] [info] ExtensionService#_doActivateExtension vscode.json-language-features {"startup":false,"activationEvent":"onLanguage:jsonc"}
[2019-02-14 00:01:11.704] [exthost] [info] ExtensionService#loadCommonJSModule e:\tmp\fbi-61-62-labs\x64\vscode\resources\app\extensions\json-language-features\client\dist\jsonMain
[2019-02-14 00:01:11.719] [exthost] [info] ExtensionService#_doActivateExtension vscode.typescript-language-features {"startup":false,"activationEvent":"onLanguage:jsonc"}
[2019-02-14 00:01:11.719] [exthost] [info] ExtensionService#loadCommonJSModule e:\tmp\fbi-61-62-labs\x64\vscode\resources\app\extensions\typescript-language-features\dist\extension
[2019-02-14 00:01:14.149] [exthost] [info] ExtensionService#_doActivateExtension vscode.grunt {"startup":false,"activationEvent":"onCommand:workbench.action.tasks.runTask"}
[2019-02-14 00:01:14.149] [exthost] [info] ExtensionService#loadCommonJSModule e:\tmp\fbi-61-62-labs\x64\vscode\resources\app\extensions\grunt\dist\main
[2019-02-14 00:01:14.152] [exthost] [info] ExtensionService#_doActivateExtension vscode.gulp {"startup":false,"activationEvent":"onCommand:workbench.action.tasks.runTask"}
[2019-02-14 00:01:14.152] [exthost] [info] ExtensionService#loadCommonJSModule e:\tmp\fbi-61-62-labs\x64\vscode\resources\app\extensions\gulp\dist\main
[2019-02-14 00:01:14.155] [exthost] [info] ExtensionService#_doActivateExtension vscode.jake {"startup":false,"activationEvent":"onCommand:workbench.action.tasks.runTask"}
[2019-02-14 00:01:14.155] [exthost] [info] ExtensionService#loadCommonJSModule e:\tmp\fbi-61-62-labs\x64\vscode\resources\app\extensions\jake\dist\main
[2019-02-14 00:01:14.157] [exthost] [info] ExtensionService#_doActivateExtension vscode.npm {"startup":false,"activationEvent":"onCommand:workbench.action.tasks.runTask"}
[2019-02-14 00:01:14.157] [exthost] [info] ExtensionService#loadCommonJSModule e:\tmp\fbi-61-62-labs\x64\vscode\resources\app\extensions\npm\dist\main
[2019-02-14 00:02:03.898] [exthost] [info] ExtensionService#_doActivateExtension vscode.extension-editing {"startup":false,"activationEvent":"onLanguage:json"}
[2019-02-14 00:02:03.898] [exthost] [info] ExtensionService#loadCommonJSModule e:\tmp\fbi-61-62-labs\x64\vscode\resources\app\extensions\extension-editing\dist\extension
[2019-02-14 00:02:10.046] [exthost] [info] ExtensionService#_doActivateExtension vscode.css-language-features {"startup":false,"activationEvent":"onLanguage:css"}
[2019-02-14 00:02:10.046] [exthost] [info] ExtensionService#loadCommonJSModule e:\tmp\fbi-61-62-labs\x64\vscode\resources\app\extensions\css-language-features\client\dist\cssMain
[2019-02-14 00:04:54.225] [exthost] [info] ExtensionService#_doActivateExtension vscode.html-language-features {"startup":false,"activationEvent":"onLanguage:html"}
[2019-02-14 00:04:54.225] [exthost] [info] ExtensionService#loadCommonJSModule e:\tmp\fbi-61-62-labs\x64\vscode\resources\app\extensions\html-language-features\client\dist\htmlMain
[2019-02-14 22:37:57.861] [exthost] [info] extension host started
[2019-02-14 22:37:57.898] [exthost] [info] ExtensionService#_doActivateExtension vscode.debug-auto-launch {"startup":true,"activationEvent":"*"}
[2019-02-14 22:37:57.898] [exthost] [info] ExtensionService#loadCommonJSModule e:\tmp\fbi-61-62-labs\x64\vscode\resources\app\extensions\debug-auto-launch\dist\extension
[2019-02-14 22:37:57.965] [exthost] [info] ExtensionService#_doActivateExtension vscode.emmet {"startup":true,"activationEvent":"*"}
[2019-02-14 22:37:57.965] [exthost] [info] ExtensionService#loadCommonJSModule e:\tmp\fbi-61-62-labs\x64\vscode\resources\app\extensions\emmet\dist\extension
[2019-02-14 22:37:58.054] [exthost] [info] ExtensionService#_doActivateExtension vscode.git {"startup":true,"activationEvent":"*"}
[2019-02-14 22:37:58.054] [exthost] [info] ExtensionService#loadCommonJSModule e:\tmp\fbi-61-62-labs\x64\vscode\resources\app\extensions\git\dist\main
[2019-02-14 22:37:58.342] [exthost] [info] ExtensionService#_doActivateExtension vscode.merge-conflict {"startup":true,"activationEvent":"*"}
[2019-02-14 22:37:58.342] [exthost] [info] ExtensionService#loadCommonJSModule e:\tmp\fbi-61-62-labs\x64\vscode\resources\app\extensions\merge-conflict\dist\extension
[2019-02-14 22:37:58.434] [exthost] [info] eager extensions activated
[2019-02-14 22:38:08.313] [exthost] [info] extension host started
[2019-02-14 22:38:08.416] [exthost] [info] ExtensionService#_doActivateExtension vscode.debug-auto-launch {"startup":true,"activationEvent":"*"}
[2019-02-14 22:38:08.416] [exthost] [info] ExtensionService#loadCommonJSModule e:\tmp\fbi-61-62-labs\x64\vscode\resources\app\extensions\debug-auto-launch\dist\extension
[2019-02-14 22:38:08.419] [exthost] [info] ExtensionService#_doActivateExtension vscode.emmet {"startup":true,"activationEvent":"*"}
[2019-02-14 22:38:08.419] [exthost] [info] ExtensionService#loadCommonJSModule e:\tmp\fbi-61-62-labs\x64\vscode\resources\app\extensions\emmet\dist\extension
[2019-02-14 22:38:08.425] [exthost] [info] ExtensionService#_doActivateExtension vscode.git {"startup":true,"activationEvent":"*"}
[2019-02-14 22:38:08.425] [exthost] [info] ExtensionService#loadCommonJSModule e:\tmp\fbi-61-62-labs\x64\vscode\resources\app\extensions\git\dist\main
[2019-02-14 22:38:08.472] [exthost] [info] ExtensionService#_doActivateExtension vscode.merge-conflict {"startup":true,"activationEvent":"*"}
[2019-02-14 22:38:08.472] [exthost] [info] ExtensionService#loadCommonJSModule e:\tmp\fbi-61-62-labs\x64\vscode\resources\app\extensions\merge-conflict\dist\extension
[2019-02-14 22:38:08.476] [exthost] [info] ExtensionService#_doActivateExtension vscode.configuration-editing {"startup":false,"activationEvent":"onLanguage:jsonc"}
[2019-02-14 22:38:08.476] [exthost] [info] ExtensionService#loadCommonJSModule e:\tmp\fbi-61-62-labs\x64\vscode\resources\app\extensions\configuration-editing\dist\extension
[2019-02-14 22:38:08.681] [exthost] [info] ExtensionService#_doActivateExtension vscode.json-language-features {"startup":false,"activationEvent":"onLanguage:jsonc"}
[2019-02-14 22:38:08.681] [exthost] [info] ExtensionService#loadCommonJSModule e:\tmp\fbi-61-62-labs\x64\vscode\resources\app\extensions\json-language-features\client\dist\jsonMain
[2019-02-14 22:38:08.960] [exthost] [info] ExtensionService#_doActivateExtension vscode.typescript-language-features {"startup":false,"activationEvent":"onLanguage:jsonc"}
[2019-02-14 22:38:08.960] [exthost] [info] ExtensionService#loadCommonJSModule e:\tmp\fbi-61-62-labs\x64\vscode\resources\app\extensions\typescript-language-features\dist\extension
[2019-02-14 22:38:12.262] [exthost] [info] ExtensionService#_doActivateExtension ms-vscode.csharp {"startup":true,"activationEvent":"workspaceContains:*.csproj,*.sln,*.csx,*.cake,**/*.csproj,**/*.sln,**/*.csx,**/*.cake"}
[2019-02-14 22:38:12.262] [exthost] [info] ExtensionService#loadCommonJSModule E:\tmp\fbi-61-62-labs\x64\vscode\data\extensions\ms-vscode.csharp-1.17.1\out\src\main
[2019-02-14 22:38:37.509] [exthost] [info] eager extensions activated
[2019-02-14 22:38:37.567] [exthost] [info] ExtensionService#_doActivateExtension vscode.grunt {"startup":false,"activationEvent":"onCommand:workbench.action.tasks.runTask"}
[2019-02-14 22:38:37.567] [exthost] [info] ExtensionService#loadCommonJSModule e:\tmp\fbi-61-62-labs\x64\vscode\resources\app\extensions\grunt\dist\main
[2019-02-14 22:38:37.642] [exthost] [info] ExtensionService#_doActivateExtension vscode.gulp {"startup":false,"activationEvent":"onCommand:workbench.action.tasks.runTask"}
[2019-02-14 22:38:37.642] [exthost] [info] ExtensionService#loadCommonJSModule e:\tmp\fbi-61-62-labs\x64\vscode\resources\app\extensions\gulp\dist\main
[2019-02-14 22:38:37.715] [exthost] [info] ExtensionService#_doActivateExtension vscode.jake {"startup":false,"activationEvent":"onCommand:workbench.action.tasks.runTask"}
[2019-02-14 22:38:37.715] [exthost] [info] ExtensionService#loadCommonJSModule e:\tmp\fbi-61-62-labs\x64\vscode\resources\app\extensions\jake\dist\main
[2019-02-14 22:38:37.846] [exthost] [info] ExtensionService#_doActivateExtension vscode.npm {"startup":false,"activationEvent":"onCommand:workbench.action.tasks.runTask"}
[2019-02-14 22:38:37.846] [exthost] [info] ExtensionService#loadCommonJSModule e:\tmp\fbi-61-62-labs\x64\vscode\resources\app\extensions\npm\dist\main
