[2019-02-17 17:27:41.107] [renderer1] [info] no standard startup: not running latest version
[2019-02-17 17:28:32.093] [renderer1] [error] Error processing 'threads' request. Unknown Error: 0x8007139f: Error: Error processing 'threads' request. Unknown Error: 0x8007139f
    at t.handleErrorResponse (file:///E:/tmp/fbi-61-62-labs/x64/vscode/resources/app/out/vs/workbench/workbench.main.js:2788:701)
    at file:///E:/tmp/fbi-61-62-labs/x64/vscode/resources/app/out/vs/workbench/workbench.main.js:2788:133
    at process._tickCallback (internal/process/next_tick.js:68:7)
[2019-02-17 17:30:01.997] [renderer1] [error] Pending request cancelled: /v2/blockstructure: Error: Pending request cancelled: /v2/blockstructure
	at RequestQueue.cancelRequest (E:\tmp\fbi-61-62-labs\x64\vscode\data\extensions\ms-vscode.csharp-1.17.1\out\src\omnisharp\requestQueue.js:45:29)
	at RequestQueueCollection.cancelRequest (E:\tmp\fbi-61-62-labs\x64\vscode\data\extensions\ms-vscode.csharp-1.17.1\out\src\omnisharp\requestQueue.js:115:15)
	at makeRequest.token.onCancellationRequested (E:\tmp\fbi-61-62-labs\x64\vscode\data\extensions\ms-vscode.csharp-1.17.1\out\src\omnisharp\server.js:413:40)
	at e.fire (e:\tmp\fbi-61-62-labs\x64\vscode\resources\app\out\vs\workbench\services\extensions\node\extensionHostProcess.js:44:113)
	at e.cancel (e:\tmp\fbi-61-62-labs\x64\vscode\resources\app\out\vs\workbench\services\extensions\node\extensionHostProcess.js:48:230)
	at e.cancel (e:\tmp\fbi-61-62-labs\x64\vscode\resources\app\out\vs\workbench\services\extensions\node\extensionHostProcess.js:48:952)
	at Object.c (e:\tmp\fbi-61-62-labs\x64\vscode\resources\app\out\vs\workbench\services\extensions\node\extensionHostProcess.js:642:300)
	at t._receiveCancel (e:\tmp\fbi-61-62-labs\x64\vscode\resources\app\out\vs\workbench\services\extensions\node\extensionHostProcess.js:643:64)
	at t._receiveOneMessage (e:\tmp\fbi-61-62-labs\x64\vscode\resources\app\out\vs\workbench\services\extensions\node\extensionHostProcess.js:641:505)
	at e:\tmp\fbi-61-62-labs\x64\vscode\resources\app\out\vs\workbench\services\extensions\node\extensionHostProcess.js:638:960
	at e:\tmp\fbi-61-62-labs\x64\vscode\resources\app\out\vs\workbench\services\extensions\node\extensionHostProcess.js:38:994
	at e.fire (e:\tmp\fbi-61-62-labs\x64\vscode\resources\app\out\vs\workbench\services\extensions\node\extensionHostProcess.js:44:113)
	at a (e:\tmp\fbi-61-62-labs\x64\vscode\resources\app\out\vs\workbench\services\extensions\node\extensionHostProcess.js:170:213)
	at Socket.f._socketDataListener (e:\tmp\fbi-61-62-labs\x64\vscode\resources\app\out\vs\workbench\services\extensions\node\extensionHostProcess.js:170:434)
	at Socket.emit (events.js:182:13)
	at addChunk (_stream_readable.js:279:12)
	at readableAddChunk (_stream_readable.js:264:11)
	at Socket.Readable.push (_stream_readable.js:219:10)
	at Pipe.onread (net.js:636:20)
[2019-02-17 17:30:10.037] [renderer1] [error] An unknown error occurred. Please consult the log for more details.
[2019-02-17 17:30:15.753] [renderer1] [error] An unknown error occurred. Please consult the log for more details.
[2019-02-17 17:30:19.802] [renderer1] [error] An unknown error occurred. Please consult the log for more details.
[2019-02-17 17:30:25.604] [renderer1] [error] An unknown error occurred. Please consult the log for more details.
[2019-02-17 17:30:52.825] [renderer1] [error] Error processing 'threads' request. Unknown Error: 0x8007139f: Error: Error processing 'threads' request. Unknown Error: 0x8007139f
    at t.handleErrorResponse (file:///E:/tmp/fbi-61-62-labs/x64/vscode/resources/app/out/vs/workbench/workbench.main.js:2788:701)
    at file:///E:/tmp/fbi-61-62-labs/x64/vscode/resources/app/out/vs/workbench/workbench.main.js:2788:133
    at process._tickCallback (internal/process/next_tick.js:68:7)
