Starting OmniSharp server at 2/22/2019, 1:04:54 PM
    Target: c:\data\TMP\lab\lab1

OmniSharp server started.
    Path: c:\data\tmp\lab\vscode\data\extensions\ms-vscode.csharp-1.17.1\.omnisharp\1.32.8\OmniSharp.exe
    PID: 3252

[info]: OmniSharp.Stdio.Host
        Starting OmniSharp on Windows 6.2.9200.0 (x64)
[info]: OmniSharp.Services.DotNetCliService
        DotNetPath set to dotnet
[info]: OmniSharp.MSBuild.Discovery.MSBuildLocator
        Located 2 MSBuild instance(s)
            1: Visual Studio Community 2017 15.9.28307.423 - "C:\Program Files (x86)\Microsoft Visual Studio\2017\Community\MSBuild\15.0\Bin"
            2: StandAlone 15.0 - "c:\data\tmp\lab\vscode\data\extensions\ms-vscode.csharp-1.17.1\.omnisharp\1.32.8\msbuild\15.0\Bin"
[info]: OmniSharp.MSBuild.Discovery.MSBuildLocator
        Registered MSBuild instance: Visual Studio Community 2017 15.9.28307.423 - "C:\Program Files (x86)\Microsoft Visual Studio\2017\Community\MSBuild\15.0\Bin"
[info]: OmniSharp.Cake.CakeProjectSystem
        Detecting Cake files in 'c:\data\TMP\lab\lab1'.
[info]: OmniSharp.Cake.CakeProjectSystem
        Could not find any Cake files
[info]: OmniSharp.WorkspaceInitializer
        Project system 'OmniSharp.DotNet.DotNetProjectSystem' is disabled in the configuration.
[info]: OmniSharp.MSBuild.ProjectSystem
        No solution files found in 'c:\data\TMP\lab\lab1'
[info]: OmniSharp.MSBuild.ProjectManager
        Queue project update for 'c:\data\TMP\lab\lab1\lab1.csproj'
[info]: OmniSharp.Script.ScriptProjectSystem
        Detecting CSX files in 'c:\data\TMP\lab\lab1'.
[info]: OmniSharp.Script.ScriptProjectSystem
        Could not find any CSX files
[info]: OmniSharp.WorkspaceInitializer
        Invoking Workspace Options Provider: OmniSharp.Roslyn.CSharp.Services.CSharpWorkspaceOptionsProvider
[info]: OmniSharp.WorkspaceInitializer
        Configuration finished.
[info]: OmniSharp.Stdio.Host
        Omnisharp server running using Stdio at location 'c:\data\TMP\lab\lab1' on host 16400.
[info]: OmniSharp.MSBuild.ProjectManager
        Loading project: c:\data\TMP\lab\lab1\lab1.csproj
[info]: OmniSharp.MSBuild.ProjectManager
        Successfully loaded project file 'c:\data\TMP\lab\lab1\lab1.csproj'.
[info]: OmniSharp.MSBuild.ProjectManager
        Adding project 'c:\data\TMP\lab\lab1\lab1.csproj'
[info]: OmniSharp.MSBuild.ProjectManager
        Update project: lab1
