[2019-02-15 23:14:15.863] [exthost] [info] extension host started
[2019-02-15 23:14:15.900] [exthost] [info] ExtensionService#_doActivateExtension vscode.debug-auto-launch {"startup":true,"activationEvent":"*"}
[2019-02-15 23:14:15.900] [exthost] [info] ExtensionService#loadCommonJSModule e:\tmp\fbi-61-62-labs\x64\vscode\resources\app\extensions\debug-auto-launch\dist\extension
[2019-02-15 23:14:15.904] [exthost] [info] ExtensionService#_doActivateExtension vscode.emmet {"startup":true,"activationEvent":"*"}
[2019-02-15 23:14:15.904] [exthost] [info] ExtensionService#loadCommonJSModule e:\tmp\fbi-61-62-labs\x64\vscode\resources\app\extensions\emmet\dist\extension
[2019-02-15 23:14:15.932] [exthost] [info] ExtensionService#_doActivateExtension vscode.git {"startup":true,"activationEvent":"*"}
[2019-02-15 23:14:15.932] [exthost] [info] ExtensionService#loadCommonJSModule e:\tmp\fbi-61-62-labs\x64\vscode\resources\app\extensions\git\dist\main
[2019-02-15 23:14:15.997] [exthost] [info] ExtensionService#_doActivateExtension vscode.merge-conflict {"startup":true,"activationEvent":"*"}
[2019-02-15 23:14:15.997] [exthost] [info] ExtensionService#loadCommonJSModule e:\tmp\fbi-61-62-labs\x64\vscode\resources\app\extensions\merge-conflict\dist\extension
[2019-02-15 23:14:16.001] [exthost] [info] eager extensions activated
[2019-02-15 23:15:09.538] [exthost] [info] extension host started
[2019-02-15 23:15:09.566] [exthost] [info] ExtensionService#_doActivateExtension vscode.debug-auto-launch {"startup":true,"activationEvent":"*"}
[2019-02-15 23:15:09.566] [exthost] [info] ExtensionService#loadCommonJSModule e:\tmp\fbi-61-62-labs\x64\vscode\resources\app\extensions\debug-auto-launch\dist\extension
[2019-02-15 23:15:09.571] [exthost] [info] ExtensionService#_doActivateExtension vscode.emmet {"startup":true,"activationEvent":"*"}
[2019-02-15 23:15:09.571] [exthost] [info] ExtensionService#loadCommonJSModule e:\tmp\fbi-61-62-labs\x64\vscode\resources\app\extensions\emmet\dist\extension
[2019-02-15 23:15:09.576] [exthost] [info] ExtensionService#_doActivateExtension vscode.git {"startup":true,"activationEvent":"*"}
[2019-02-15 23:15:09.576] [exthost] [info] ExtensionService#loadCommonJSModule e:\tmp\fbi-61-62-labs\x64\vscode\resources\app\extensions\git\dist\main
[2019-02-15 23:15:09.628] [exthost] [info] ExtensionService#_doActivateExtension vscode.merge-conflict {"startup":true,"activationEvent":"*"}
[2019-02-15 23:15:09.628] [exthost] [info] ExtensionService#loadCommonJSModule e:\tmp\fbi-61-62-labs\x64\vscode\resources\app\extensions\merge-conflict\dist\extension
[2019-02-15 23:15:11.362] [exthost] [info] ExtensionService#_doActivateExtension ms-vscode.csharp {"startup":true,"activationEvent":"workspaceContains:*.csproj,*.sln,*.csx,*.cake,**/*.csproj,**/*.sln,**/*.csx,**/*.cake"}
[2019-02-15 23:15:11.362] [exthost] [info] ExtensionService#loadCommonJSModule E:\tmp\fbi-61-62-labs\x64\vscode\data\extensions\ms-vscode.csharp-1.17.1\out\src\main
[2019-02-15 23:15:32.889] [exthost] [info] eager extensions activated
[2019-02-15 23:15:32.978] [exthost] [info] ExtensionService#_doActivateExtension ms-vscode.node-debug2 {"startup":false,"activationEvent":"onDebugInitialConfigurations"}
[2019-02-15 23:15:32.978] [exthost] [info] ExtensionService#loadCommonJSModule e:\tmp\fbi-61-62-labs\x64\vscode\resources\app\extensions\ms-vscode.node-debug2\out\src\extension
[2019-02-15 23:15:33.202] [exthost] [info] ExtensionService#_doActivateExtension ms-vscode.node-debug {"startup":false,"activationEvent":"onDebugInitialConfigurations"}
[2019-02-15 23:15:33.202] [exthost] [info] ExtensionService#loadCommonJSModule e:\tmp\fbi-61-62-labs\x64\vscode\resources\app\extensions\ms-vscode.node-debug\dist\extension.js
[2019-02-15 23:16:08.719] [exthost] [info] ExtensionService#_doActivateExtension vscode.configuration-editing {"startup":false,"activationEvent":"onLanguage:jsonc"}
[2019-02-15 23:16:08.719] [exthost] [info] ExtensionService#loadCommonJSModule e:\tmp\fbi-61-62-labs\x64\vscode\resources\app\extensions\configuration-editing\dist\extension
[2019-02-15 23:16:08.876] [exthost] [info] ExtensionService#_doActivateExtension vscode.json-language-features {"startup":false,"activationEvent":"onLanguage:jsonc"}
[2019-02-15 23:16:08.876] [exthost] [info] ExtensionService#loadCommonJSModule e:\tmp\fbi-61-62-labs\x64\vscode\resources\app\extensions\json-language-features\client\dist\jsonMain
[2019-02-15 23:16:09.087] [exthost] [info] ExtensionService#_doActivateExtension vscode.typescript-language-features {"startup":false,"activationEvent":"onLanguage:jsonc"}
[2019-02-15 23:16:09.087] [exthost] [info] ExtensionService#loadCommonJSModule e:\tmp\fbi-61-62-labs\x64\vscode\resources\app\extensions\typescript-language-features\dist\extension
[2019-02-15 23:17:27.004] [exthost] [info] ExtensionService#_doActivateExtension vscode.grunt {"startup":false,"activationEvent":"onCommand:workbench.action.tasks.runTask"}
[2019-02-15 23:17:27.004] [exthost] [info] ExtensionService#loadCommonJSModule e:\tmp\fbi-61-62-labs\x64\vscode\resources\app\extensions\grunt\dist\main
[2019-02-15 23:17:27.137] [exthost] [info] ExtensionService#_doActivateExtension vscode.gulp {"startup":false,"activationEvent":"onCommand:workbench.action.tasks.runTask"}
[2019-02-15 23:17:27.137] [exthost] [info] ExtensionService#loadCommonJSModule e:\tmp\fbi-61-62-labs\x64\vscode\resources\app\extensions\gulp\dist\main
[2019-02-15 23:17:27.249] [exthost] [info] ExtensionService#_doActivateExtension vscode.jake {"startup":false,"activationEvent":"onCommand:workbench.action.tasks.runTask"}
[2019-02-15 23:17:27.249] [exthost] [info] ExtensionService#loadCommonJSModule e:\tmp\fbi-61-62-labs\x64\vscode\resources\app\extensions\jake\dist\main
[2019-02-15 23:17:27.318] [exthost] [info] ExtensionService#_doActivateExtension vscode.npm {"startup":false,"activationEvent":"onCommand:workbench.action.tasks.runTask"}
[2019-02-15 23:17:27.318] [exthost] [info] ExtensionService#loadCommonJSModule e:\tmp\fbi-61-62-labs\x64\vscode\resources\app\extensions\npm\dist\main
[2019-02-15 23:18:15.937] [exthost] [info] ExtensionService#_doActivateExtension vscode.extension-editing {"startup":false,"activationEvent":"onLanguage:json"}
[2019-02-15 23:18:15.937] [exthost] [info] ExtensionService#loadCommonJSModule e:\tmp\fbi-61-62-labs\x64\vscode\resources\app\extensions\extension-editing\dist\extension
[2019-02-15 23:25:16.127] [exthost] [error] [ms-vscode.csharp] provider FAILED
[2019-02-15 23:25:16.127] [exthost] [error] "System.NullReferenceException: Ссылка на объект не указывает на экземпляр объекта.\r\n   в OmniSharp.Roslyn.CSharp.Services.Structure.BlockStructureService.<Handle>d__12.MoveNext()\r\n--- Конец трассировка стека из предыдущего расположения, где возникло исключение ---\r\n   в System.Runtime.ExceptionServices.ExceptionDispatchInfo.Throw()\r\n   в System.Runtime.CompilerServices.TaskAwaiter.HandleNonSuccessAndDebuggerNotification(Task task)\r\n   в OmniSharp.Endpoint.EndpointHandler`2.<HandleSingleRequest>d__18.MoveNext()\r\n--- Конец трассировка стека из предыдущего расположения, где возникло исключение ---\r\n   в System.Runtime.ExceptionServices.ExceptionDispatchInfo.Throw()\r\n   в System.Runtime.CompilerServices.TaskAwaiter.HandleNonSuccessAndDebuggerNotification(Task task)\r\n   в OmniSharp.Endpoint.EndpointHandler`2.<Process>d__16.MoveNext()\r\n--- Конец трассировка стека из предыдущего расположения, где возникло исключение ---\r\n   в System.Runtime.ExceptionServices.ExceptionDispatchInfo.Throw()\r\n   в System.Runtime.CompilerServices.TaskAwaiter.HandleNonSuccessAndDebuggerNotification(Task task)\r\n   в OmniSharp.Stdio.Host.<HandleRequest>d__13.MoveNext()"
[2019-02-15 23:28:41.914] [exthost] [error] [ms-vscode.csharp] provider FAILED
[2019-02-15 23:28:41.914] [exthost] [error] "System.NullReferenceException: Ссылка на объект не указывает на экземпляр объекта.\r\n   в OmniSharp.Roslyn.CSharp.Services.Signatures.SignatureHelpService.<GetInvocation>d__3.MoveNext()\r\n--- Конец трассировка стека из предыдущего расположения, где возникло исключение ---\r\n   в System.Runtime.ExceptionServices.ExceptionDispatchInfo.Throw()\r\n   в System.Runtime.CompilerServices.TaskAwaiter.HandleNonSuccessAndDebuggerNotification(Task task)\r\n   в OmniSharp.Roslyn.CSharp.Services.Signatures.SignatureHelpService.<Handle>d__2.MoveNext()\r\n--- Конец трассировка стека из предыдущего расположения, где возникло исключение ---\r\n   в System.Runtime.ExceptionServices.ExceptionDispatchInfo.Throw()\r\n   в System.Runtime.CompilerServices.TaskAwaiter.HandleNonSuccessAndDebuggerNotification(Task task)\r\n   в OmniSharp.Endpoint.EndpointHandler`2.<HandleSingleRequest>d__18.MoveNext()\r\n--- Конец трассировка стека из предыдущего расположения, где возникло исключение ---\r\n   в System.Runtime.ExceptionServices.ExceptionDispatchInfo.Throw()\r\n   в System.Runtime.CompilerServices.TaskAwaiter.HandleNonSuccessAndDebuggerNotification(Task task)\r\n   в OmniSharp.Endpoint.EndpointHandler`2.<Process>d__16.MoveNext()\r\n--- Конец трассировка стека из предыдущего расположения, где возникло исключение ---\r\n   в System.Runtime.ExceptionServices.ExceptionDispatchInfo.Throw()\r\n   в System.Runtime.CompilerServices.TaskAwaiter.HandleNonSuccessAndDebuggerNotification(Task task)\r\n   в OmniSharp.Stdio.Host.<HandleRequest>d__13.MoveNext()"
[2019-02-15 23:28:47.062] [exthost] [error] [ms-vscode.csharp] provider FAILED
[2019-02-15 23:28:47.062] [exthost] [error] "System.NullReferenceException: Ссылка на объект не указывает на экземпляр объекта.\r\n   в OmniSharp.Roslyn.CSharp.Services.Signatures.SignatureHelpService.<GetInvocation>d__3.MoveNext()\r\n--- Конец трассировка стека из предыдущего расположения, где возникло исключение ---\r\n   в System.Runtime.ExceptionServices.ExceptionDispatchInfo.Throw()\r\n   в System.Runtime.CompilerServices.TaskAwaiter.HandleNonSuccessAndDebuggerNotification(Task task)\r\n   в OmniSharp.Roslyn.CSharp.Services.Signatures.SignatureHelpService.<Handle>d__2.MoveNext()\r\n--- Конец трассировка стека из предыдущего расположения, где возникло исключение ---\r\n   в System.Runtime.ExceptionServices.ExceptionDispatchInfo.Throw()\r\n   в System.Runtime.CompilerServices.TaskAwaiter.HandleNonSuccessAndDebuggerNotification(Task task)\r\n   в OmniSharp.Endpoint.EndpointHandler`2.<HandleSingleRequest>d__18.MoveNext()\r\n--- Конец трассировка стека из предыдущего расположения, где возникло исключение ---\r\n   в System.Runtime.ExceptionServices.ExceptionDispatchInfo.Throw()\r\n   в System.Runtime.CompilerServices.TaskAwaiter.HandleNonSuccessAndDebuggerNotification(Task task)\r\n   в OmniSharp.Endpoint.EndpointHandler`2.<Process>d__16.MoveNext()\r\n--- Конец трассировка стека из предыдущего расположения, где возникло исключение ---\r\n   в System.Runtime.ExceptionServices.ExceptionDispatchInfo.Throw()\r\n   в System.Runtime.CompilerServices.TaskAwaiter.HandleNonSuccessAndDebuggerNotification(Task task)\r\n   в OmniSharp.Stdio.Host.<HandleRequest>d__13.MoveNext()"
[2019-02-15 23:28:51.862] [exthost] [error] [ms-vscode.csharp] provider FAILED
[2019-02-15 23:28:51.862] [exthost] [error] "System.NullReferenceException: Ссылка на объект не указывает на экземпляр объекта.\r\n   в OmniSharp.Roslyn.CSharp.Services.Signatures.SignatureHelpService.<GetInvocation>d__3.MoveNext()\r\n--- Конец трассировка стека из предыдущего расположения, где возникло исключение ---\r\n   в System.Runtime.ExceptionServices.ExceptionDispatchInfo.Throw()\r\n   в System.Runtime.CompilerServices.TaskAwaiter.HandleNonSuccessAndDebuggerNotification(Task task)\r\n   в OmniSharp.Roslyn.CSharp.Services.Signatures.SignatureHelpService.<Handle>d__2.MoveNext()\r\n--- Конец трассировка стека из предыдущего расположения, где возникло исключение ---\r\n   в System.Runtime.ExceptionServices.ExceptionDispatchInfo.Throw()\r\n   в System.Runtime.CompilerServices.TaskAwaiter.HandleNonSuccessAndDebuggerNotification(Task task)\r\n   в OmniSharp.Endpoint.EndpointHandler`2.<HandleSingleRequest>d__18.MoveNext()\r\n--- Конец трассировка стека из предыдущего расположения, где возникло исключение ---\r\n   в System.Runtime.ExceptionServices.ExceptionDispatchInfo.Throw()\r\n   в System.Runtime.CompilerServices.TaskAwaiter.HandleNonSuccessAndDebuggerNotification(Task task)\r\n   в OmniSharp.Endpoint.EndpointHandler`2.<Process>d__16.MoveNext()\r\n--- Конец трассировка стека из предыдущего расположения, где возникло исключение ---\r\n   в System.Runtime.ExceptionServices.ExceptionDispatchInfo.Throw()\r\n   в System.Runtime.CompilerServices.TaskAwaiter.HandleNonSuccessAndDebuggerNotification(Task task)\r\n   в OmniSharp.Stdio.Host.<HandleRequest>d__13.MoveNext()"
