[2019-02-14 23:33:26.475] [renderer1] [info] no standard startup: not running latest version
[2019-02-14 23:33:32.179] [renderer1] [info] no standard startup: not the explorer viewlet
[2019-02-14 23:33:43.681] [renderer1] [info] no standard startup: not a new window
[2019-02-14 23:34:13.199] [renderer1] [error] Pending request cancelled: /codecheck: Error: Pending request cancelled: /codecheck
	at RequestQueue.cancelRequest (E:\tmp\fbi-61-62-labs\x64\vscode\data\extensions\ms-vscode.csharp-1.17.1\out\src\omnisharp\requestQueue.js:45:29)
	at RequestQueueCollection.cancelRequest (E:\tmp\fbi-61-62-labs\x64\vscode\data\extensions\ms-vscode.csharp-1.17.1\out\src\omnisharp\requestQueue.js:115:15)
	at makeRequest.token.onCancellationRequested (E:\tmp\fbi-61-62-labs\x64\vscode\data\extensions\ms-vscode.csharp-1.17.1\out\src\omnisharp\server.js:413:40)
	at e.fire (e:\tmp\fbi-61-62-labs\x64\vscode\resources\app\out\vs\workbench\services\extensions\node\extensionHostProcess.js:44:113)
	at e.cancel (e:\tmp\fbi-61-62-labs\x64\vscode\resources\app\out\vs\workbench\services\extensions\node\extensionHostProcess.js:48:230)
	at e.cancel (e:\tmp\fbi-61-62-labs\x64\vscode\resources\app\out\vs\workbench\services\extensions\node\extensionHostProcess.js:48:952)
	at DiagnosticsProvider._validateDocument (E:\tmp\fbi-61-62-labs\x64\vscode\data\extensions\ms-vscode.csharp-1.17.1\out\src\features\diagnosticsProvider.js:174:44)
	at DiagnosticsProvider._onDocumentAddOrChange (E:\tmp\fbi-61-62-labs\x64\vscode\data\extensions\ms-vscode.csharp-1.17.1\out\src\features\diagnosticsProvider.js:150:14)
	at DiagnosticsProvider._onDidChangeActiveTextEditor (E:\tmp\fbi-61-62-labs\x64\vscode\data\extensions\ms-vscode.csharp-1.17.1\out\src\features\diagnosticsProvider.js:143:18)
	at DiagnosticsProvider._OnDidChangeWindowState (E:\tmp\fbi-61-62-labs\x64\vscode\data\extensions\ms-vscode.csharp-1.17.1\out\src\features\diagnosticsProvider.js:137:18)
	at DiagnosticsProvider.constructor.vscode.window.onDidChangeWindowState.event (E:\tmp\fbi-61-62-labs\x64\vscode\data\extensions\ms-vscode.csharp-1.17.1\out\src\features\diagnosticsProvider.js:114:69)
	at e.fire (e:\tmp\fbi-61-62-labs\x64\vscode\resources\app\out\vs\workbench\services\extensions\node\extensionHostProcess.js:44:133)
	at e.$onDidChangeWindowFocus (e:\tmp\fbi-61-62-labs\x64\vscode\resources\app\out\vs\workbench\services\extensions\node\extensionHostProcess.js:629:542)
	at t._doInvokeHandler (e:\tmp\fbi-61-62-labs\x64\vscode\resources\app\out\vs\workbench\services\extensions\node\extensionHostProcess.js:644:118)
	at t._invokeHandler (e:\tmp\fbi-61-62-labs\x64\vscode\resources\app\out\vs\workbench\services\extensions\node\extensionHostProcess.js:643:744)
	at t._receiveRequest (e:\tmp\fbi-61-62-labs\x64\vscode\resources\app\out\vs\workbench\services\extensions\node\extensionHostProcess.js:642:322)
	at t._receiveOneMessage (e:\tmp\fbi-61-62-labs\x64\vscode\resources\app\out\vs\workbench\services\extensions\node\extensionHostProcess.js:641:155)
	at e:\tmp\fbi-61-62-labs\x64\vscode\resources\app\out\vs\workbench\services\extensions\node\extensionHostProcess.js:638:960
	at e:\tmp\fbi-61-62-labs\x64\vscode\resources\app\out\vs\workbench\services\extensions\node\extensionHostProcess.js:38:994
	at e.fire (e:\tmp\fbi-61-62-labs\x64\vscode\resources\app\out\vs\workbench\services\extensions\node\extensionHostProcess.js:44:113)
	at a (e:\tmp\fbi-61-62-labs\x64\vscode\resources\app\out\vs\workbench\services\extensions\node\extensionHostProcess.js:170:213)
	at Socket.f._socketDataListener (e:\tmp\fbi-61-62-labs\x64\vscode\resources\app\out\vs\workbench\services\extensions\node\extensionHostProcess.js:170:434)
	at Socket.emit (events.js:182:13)
	at addChunk (_stream_readable.js:279:12)
	at readableAddChunk (_stream_readable.js:264:11)
	at Socket.Readable.push (_stream_readable.js:219:10)
	at Pipe.onread (net.js:636:20)
[2019-02-14 23:34:17.429] [renderer1] [error] Pending request cancelled: /codecheck: Error: Pending request cancelled: /codecheck
	at RequestQueue.cancelRequest (E:\tmp\fbi-61-62-labs\x64\vscode\data\extensions\ms-vscode.csharp-1.17.1\out\src\omnisharp\requestQueue.js:45:29)
	at RequestQueueCollection.cancelRequest (E:\tmp\fbi-61-62-labs\x64\vscode\data\extensions\ms-vscode.csharp-1.17.1\out\src\omnisharp\requestQueue.js:115:15)
	at makeRequest.token.onCancellationRequested (E:\tmp\fbi-61-62-labs\x64\vscode\data\extensions\ms-vscode.csharp-1.17.1\out\src\omnisharp\server.js:413:40)
	at e.fire (e:\tmp\fbi-61-62-labs\x64\vscode\resources\app\out\vs\workbench\services\extensions\node\extensionHostProcess.js:44:113)
	at e.cancel (e:\tmp\fbi-61-62-labs\x64\vscode\resources\app\out\vs\workbench\services\extensions\node\extensionHostProcess.js:48:230)
	at e.cancel (e:\tmp\fbi-61-62-labs\x64\vscode\resources\app\out\vs\workbench\services\extensions\node\extensionHostProcess.js:48:952)
	at DiagnosticsProvider._validateProject (E:\tmp\fbi-61-62-labs\x64\vscode\data\extensions\ms-vscode.csharp-1.17.1\out\src\features\diagnosticsProvider.js:201:37)
	at EventEmitter.emit (events.js:187:15)
	at OmniSharpServer._fireEvent (E:\tmp\fbi-61-62-labs\x64\vscode\data\extensions\ms-vscode.csharp-1.17.1\out\src\omnisharp\server.js:208:24)
	at OmniSharpServer._handleEventPacket (E:\tmp\fbi-61-62-labs\x64\vscode\data\extensions\ms-vscode.csharp-1.17.1\out\src\omnisharp\server.js:517:18)
	at OmniSharpServer._onLineReceived (E:\tmp\fbi-61-62-labs\x64\vscode\data\extensions\ms-vscode.csharp-1.17.1\out\src\omnisharp\server.js:488:22)
	at Interface.emit (events.js:182:13)
	at Interface._onLine (readline.js:290:10)
	at Interface._normalWrite (readline.js:433:12)
	at Socket.ondata (readline.js:149:10)
	at Socket.emit (events.js:182:13)
	at addChunk (_stream_readable.js:279:12)
	at readableAddChunk (_stream_readable.js:264:11)
	at Socket.Readable.push (_stream_readable.js:219:10)
	at Pipe.onread (net.js:636:20)
[2019-02-14 23:34:18.486] [renderer1] [error] Error processing 'threads' request. Unknown Error: 0x8007139f: Error: Error processing 'threads' request. Unknown Error: 0x8007139f
    at t.handleErrorResponse (file:///E:/tmp/fbi-61-62-labs/x64/vscode/resources/app/out/vs/workbench/workbench.main.js:2788:701)
    at file:///E:/tmp/fbi-61-62-labs/x64/vscode/resources/app/out/vs/workbench/workbench.main.js:2788:133
    at process._tickCallback (internal/process/next_tick.js:68:7)
[2019-02-14 23:35:59.815] [renderer1] [error] Error processing 'threads' request. Unknown Error: 0x8007139f: Error: Error processing 'threads' request. Unknown Error: 0x8007139f
    at t.handleErrorResponse (file:///E:/tmp/fbi-61-62-labs/x64/vscode/resources/app/out/vs/workbench/workbench.main.js:2788:701)
    at file:///E:/tmp/fbi-61-62-labs/x64/vscode/resources/app/out/vs/workbench/workbench.main.js:2788:133
    at process._tickCallback (internal/process/next_tick.js:68:7)
[2019-02-14 23:36:18.078] [renderer1] [error] Error processing 'threads' request. Unknown Error: 0x8007139f: Error: Error processing 'threads' request. Unknown Error: 0x8007139f
    at t.handleErrorResponse (file:///E:/tmp/fbi-61-62-labs/x64/vscode/resources/app/out/vs/workbench/workbench.main.js:2788:701)
    at file:///E:/tmp/fbi-61-62-labs/x64/vscode/resources/app/out/vs/workbench/workbench.main.js:2788:133
    at process._tickCallback (internal/process/next_tick.js:68:7)
[2019-02-14 23:45:38.488] [renderer1] [error] Error processing 'threads' request. Unknown Error: 0x8007139f: Error: Error processing 'threads' request. Unknown Error: 0x8007139f
    at t.handleErrorResponse (file:///E:/tmp/fbi-61-62-labs/x64/vscode/resources/app/out/vs/workbench/workbench.main.js:2788:701)
    at file:///E:/tmp/fbi-61-62-labs/x64/vscode/resources/app/out/vs/workbench/workbench.main.js:2788:133
    at process._tickCallback (internal/process/next_tick.js:68:7)
[2019-02-14 23:46:42.159] [renderer1] [error] Error processing 'threads' request. Unknown Error: 0x8007139f: Error: Error processing 'threads' request. Unknown Error: 0x8007139f
    at t.handleErrorResponse (file:///E:/tmp/fbi-61-62-labs/x64/vscode/resources/app/out/vs/workbench/workbench.main.js:2788:701)
    at file:///E:/tmp/fbi-61-62-labs/x64/vscode/resources/app/out/vs/workbench/workbench.main.js:2788:133
    at process._tickCallback (internal/process/next_tick.js:68:7)
[2019-02-15 00:27:42.402] [renderer1] [error] Error processing 'threads' request. Unknown Error: 0x8007139f: Error: Error processing 'threads' request. Unknown Error: 0x8007139f
    at t.handleErrorResponse (file:///E:/tmp/fbi-61-62-labs/x64/vscode/resources/app/out/vs/workbench/workbench.main.js:2788:701)
    at file:///E:/tmp/fbi-61-62-labs/x64/vscode/resources/app/out/vs/workbench/workbench.main.js:2788:133
    at process._tickCallback (internal/process/next_tick.js:68:7)
[2019-02-15 00:30:21.094] [renderer1] [error] Error processing 'threads' request. Unknown Error: 0x8007139f: Error: Error processing 'threads' request. Unknown Error: 0x8007139f
    at t.handleErrorResponse (file:///E:/tmp/fbi-61-62-labs/x64/vscode/resources/app/out/vs/workbench/workbench.main.js:2788:701)
    at file:///E:/tmp/fbi-61-62-labs/x64/vscode/resources/app/out/vs/workbench/workbench.main.js:2788:133
    at process._tickCallback (internal/process/next_tick.js:68:7)
[2019-02-15 00:38:23.503] [renderer1] [error] Error processing 'threads' request. Unknown Error: 0x8007139f: Error: Error processing 'threads' request. Unknown Error: 0x8007139f
    at t.handleErrorResponse (file:///E:/tmp/fbi-61-62-labs/x64/vscode/resources/app/out/vs/workbench/workbench.main.js:2788:701)
    at file:///E:/tmp/fbi-61-62-labs/x64/vscode/resources/app/out/vs/workbench/workbench.main.js:2788:133
    at process._tickCallback (internal/process/next_tick.js:68:7)
[2019-02-15 00:40:23.084] [renderer1] [error] Error processing 'threads' request. Unknown Error: 0x8007139f: Error: Error processing 'threads' request. Unknown Error: 0x8007139f
    at t.handleErrorResponse (file:///E:/tmp/fbi-61-62-labs/x64/vscode/resources/app/out/vs/workbench/workbench.main.js:2788:701)
    at file:///E:/tmp/fbi-61-62-labs/x64/vscode/resources/app/out/vs/workbench/workbench.main.js:2788:133
    at process._tickCallback (internal/process/next_tick.js:68:7)
[2019-02-15 00:42:06.898] [renderer1] [error] Error processing 'threads' request. Unknown Error: 0x8007139f: Error: Error processing 'threads' request. Unknown Error: 0x8007139f
    at t.handleErrorResponse (file:///E:/tmp/fbi-61-62-labs/x64/vscode/resources/app/out/vs/workbench/workbench.main.js:2788:701)
    at file:///E:/tmp/fbi-61-62-labs/x64/vscode/resources/app/out/vs/workbench/workbench.main.js:2788:133
    at process._tickCallback (internal/process/next_tick.js:68:7)
[2019-02-15 00:43:59.446] [renderer1] [error] Error processing 'threads' request. Unknown Error: 0x8007139f: Error: Error processing 'threads' request. Unknown Error: 0x8007139f
    at t.handleErrorResponse (file:///E:/tmp/fbi-61-62-labs/x64/vscode/resources/app/out/vs/workbench/workbench.main.js:2788:701)
    at file:///E:/tmp/fbi-61-62-labs/x64/vscode/resources/app/out/vs/workbench/workbench.main.js:2788:133
    at process._tickCallback (internal/process/next_tick.js:68:7)
