[2019-02-14 22:39:35.782] [exthost] [info] extension host started
[2019-02-14 22:39:35.836] [exthost] [info] ExtensionService#_doActivateExtension vscode.debug-auto-launch {"startup":true,"activationEvent":"*"}
[2019-02-14 22:39:35.836] [exthost] [info] ExtensionService#loadCommonJSModule e:\tmp\fbi-61-62-labs\x64\vscode\resources\app\extensions\debug-auto-launch\dist\extension
[2019-02-14 22:39:35.840] [exthost] [info] ExtensionService#_doActivateExtension vscode.emmet {"startup":true,"activationEvent":"*"}
[2019-02-14 22:39:35.840] [exthost] [info] ExtensionService#loadCommonJSModule e:\tmp\fbi-61-62-labs\x64\vscode\resources\app\extensions\emmet\dist\extension
[2019-02-14 22:39:35.846] [exthost] [info] ExtensionService#_doActivateExtension vscode.git {"startup":true,"activationEvent":"*"}
[2019-02-14 22:39:35.846] [exthost] [info] ExtensionService#loadCommonJSModule e:\tmp\fbi-61-62-labs\x64\vscode\resources\app\extensions\git\dist\main
[2019-02-14 22:39:35.897] [exthost] [info] ExtensionService#_doActivateExtension vscode.merge-conflict {"startup":true,"activationEvent":"*"}
[2019-02-14 22:39:35.897] [exthost] [info] ExtensionService#loadCommonJSModule e:\tmp\fbi-61-62-labs\x64\vscode\resources\app\extensions\merge-conflict\dist\extension
[2019-02-14 22:39:35.901] [exthost] [info] ExtensionService#_doActivateExtension vscode.configuration-editing {"startup":false,"activationEvent":"onLanguage:jsonc"}
[2019-02-14 22:39:35.901] [exthost] [info] ExtensionService#loadCommonJSModule e:\tmp\fbi-61-62-labs\x64\vscode\resources\app\extensions\configuration-editing\dist\extension
[2019-02-14 22:39:35.906] [exthost] [info] ExtensionService#_doActivateExtension vscode.json-language-features {"startup":false,"activationEvent":"onLanguage:jsonc"}
[2019-02-14 22:39:35.906] [exthost] [info] ExtensionService#loadCommonJSModule e:\tmp\fbi-61-62-labs\x64\vscode\resources\app\extensions\json-language-features\client\dist\jsonMain
[2019-02-14 22:39:35.925] [exthost] [info] ExtensionService#_doActivateExtension vscode.typescript-language-features {"startup":false,"activationEvent":"onLanguage:jsonc"}
[2019-02-14 22:39:35.925] [exthost] [info] ExtensionService#loadCommonJSModule e:\tmp\fbi-61-62-labs\x64\vscode\resources\app\extensions\typescript-language-features\dist\extension
[2019-02-14 22:39:37.260] [exthost] [info] ExtensionService#_doActivateExtension ms-vscode.csharp {"startup":true,"activationEvent":"workspaceContains:*.csproj,*.sln,*.csx,*.cake,**/*.csproj,**/*.sln,**/*.csx,**/*.cake"}
[2019-02-14 22:39:37.260] [exthost] [info] ExtensionService#loadCommonJSModule E:\tmp\fbi-61-62-labs\x64\vscode\data\extensions\ms-vscode.csharp-1.17.1\out\src\main
[2019-02-14 22:39:41.533] [exthost] [info] eager extensions activated
[2019-02-14 22:39:41.600] [exthost] [info] ExtensionService#_doActivateExtension vscode.grunt {"startup":false,"activationEvent":"onCommand:workbench.action.tasks.runTask"}
[2019-02-14 22:39:41.600] [exthost] [info] ExtensionService#loadCommonJSModule e:\tmp\fbi-61-62-labs\x64\vscode\resources\app\extensions\grunt\dist\main
[2019-02-14 22:39:41.603] [exthost] [info] ExtensionService#_doActivateExtension vscode.gulp {"startup":false,"activationEvent":"onCommand:workbench.action.tasks.runTask"}
[2019-02-14 22:39:41.603] [exthost] [info] ExtensionService#loadCommonJSModule e:\tmp\fbi-61-62-labs\x64\vscode\resources\app\extensions\gulp\dist\main
[2019-02-14 22:39:41.606] [exthost] [info] ExtensionService#_doActivateExtension vscode.jake {"startup":false,"activationEvent":"onCommand:workbench.action.tasks.runTask"}
[2019-02-14 22:39:41.606] [exthost] [info] ExtensionService#loadCommonJSModule e:\tmp\fbi-61-62-labs\x64\vscode\resources\app\extensions\jake\dist\main
[2019-02-14 22:39:41.609] [exthost] [info] ExtensionService#_doActivateExtension vscode.npm {"startup":false,"activationEvent":"onCommand:workbench.action.tasks.runTask"}
[2019-02-14 22:39:41.609] [exthost] [info] ExtensionService#loadCommonJSModule e:\tmp\fbi-61-62-labs\x64\vscode\resources\app\extensions\npm\dist\main
[2019-02-14 23:01:46.112] [exthost] [info] ExtensionService#_doActivateExtension vscode.extension-editing {"startup":false,"activationEvent":"onLanguage:json"}
[2019-02-14 23:01:46.112] [exthost] [info] ExtensionService#loadCommonJSModule e:\tmp\fbi-61-62-labs\x64\vscode\resources\app\extensions\extension-editing\dist\extension
[2019-02-14 23:04:31.418] [exthost] [info] extension host started
[2019-02-14 23:04:31.452] [exthost] [info] ExtensionService#_doActivateExtension vscode.debug-auto-launch {"startup":true,"activationEvent":"*"}
[2019-02-14 23:04:31.453] [exthost] [info] ExtensionService#loadCommonJSModule e:\tmp\fbi-61-62-labs\x64\vscode\resources\app\extensions\debug-auto-launch\dist\extension
[2019-02-14 23:04:31.527] [exthost] [info] ExtensionService#_doActivateExtension vscode.emmet {"startup":true,"activationEvent":"*"}
[2019-02-14 23:04:31.527] [exthost] [info] ExtensionService#loadCommonJSModule e:\tmp\fbi-61-62-labs\x64\vscode\resources\app\extensions\emmet\dist\extension
[2019-02-14 23:04:31.805] [exthost] [info] ExtensionService#_doActivateExtension vscode.git {"startup":true,"activationEvent":"*"}
[2019-02-14 23:04:31.805] [exthost] [info] ExtensionService#loadCommonJSModule e:\tmp\fbi-61-62-labs\x64\vscode\resources\app\extensions\git\dist\main
[2019-02-14 23:04:32.046] [exthost] [info] ExtensionService#_doActivateExtension vscode.merge-conflict {"startup":true,"activationEvent":"*"}
[2019-02-14 23:04:32.046] [exthost] [info] ExtensionService#loadCommonJSModule e:\tmp\fbi-61-62-labs\x64\vscode\resources\app\extensions\merge-conflict\dist\extension
[2019-02-14 23:04:32.192] [exthost] [info] eager extensions activated
[2019-02-14 23:04:37.814] [exthost] [info] extension host started
[2019-02-14 23:04:37.855] [exthost] [info] ExtensionService#_doActivateExtension vscode.debug-auto-launch {"startup":true,"activationEvent":"*"}
[2019-02-14 23:04:37.856] [exthost] [info] ExtensionService#loadCommonJSModule e:\tmp\fbi-61-62-labs\x64\vscode\resources\app\extensions\debug-auto-launch\dist\extension
[2019-02-14 23:04:37.859] [exthost] [info] ExtensionService#_doActivateExtension vscode.emmet {"startup":true,"activationEvent":"*"}
[2019-02-14 23:04:37.859] [exthost] [info] ExtensionService#loadCommonJSModule e:\tmp\fbi-61-62-labs\x64\vscode\resources\app\extensions\emmet\dist\extension
[2019-02-14 23:04:37.865] [exthost] [info] ExtensionService#_doActivateExtension vscode.git {"startup":true,"activationEvent":"*"}
[2019-02-14 23:04:37.865] [exthost] [info] ExtensionService#loadCommonJSModule e:\tmp\fbi-61-62-labs\x64\vscode\resources\app\extensions\git\dist\main
[2019-02-14 23:04:37.925] [exthost] [info] ExtensionService#_doActivateExtension vscode.merge-conflict {"startup":true,"activationEvent":"*"}
[2019-02-14 23:04:37.925] [exthost] [info] ExtensionService#loadCommonJSModule e:\tmp\fbi-61-62-labs\x64\vscode\resources\app\extensions\merge-conflict\dist\extension
[2019-02-14 23:04:37.929] [exthost] [info] ExtensionService#_doActivateExtension vscode.configuration-editing {"startup":false,"activationEvent":"onLanguage:jsonc"}
[2019-02-14 23:04:37.929] [exthost] [info] ExtensionService#loadCommonJSModule e:\tmp\fbi-61-62-labs\x64\vscode\resources\app\extensions\configuration-editing\dist\extension
[2019-02-14 23:04:38.271] [exthost] [info] ExtensionService#_doActivateExtension vscode.json-language-features {"startup":false,"activationEvent":"onLanguage:jsonc"}
[2019-02-14 23:04:38.271] [exthost] [info] ExtensionService#loadCommonJSModule e:\tmp\fbi-61-62-labs\x64\vscode\resources\app\extensions\json-language-features\client\dist\jsonMain
[2019-02-14 23:04:38.512] [exthost] [info] ExtensionService#_doActivateExtension vscode.typescript-language-features {"startup":false,"activationEvent":"onLanguage:jsonc"}
[2019-02-14 23:04:38.512] [exthost] [info] ExtensionService#loadCommonJSModule e:\tmp\fbi-61-62-labs\x64\vscode\resources\app\extensions\typescript-language-features\dist\extension
[2019-02-14 23:04:39.970] [exthost] [info] ExtensionService#_doActivateExtension ms-vscode.csharp {"startup":false,"activationEvent":"onDebug"}
[2019-02-14 23:04:39.970] [exthost] [info] ExtensionService#loadCommonJSModule E:\tmp\fbi-61-62-labs\x64\vscode\data\extensions\ms-vscode.csharp-1.17.1\out\src\main
[2019-02-14 23:04:57.160] [exthost] [info] eager extensions activated
[2019-02-14 23:04:57.231] [exthost] [info] ExtensionService#_doActivateExtension vscode.grunt {"startup":false,"activationEvent":"onCommand:workbench.action.tasks.runTask"}
[2019-02-14 23:04:57.231] [exthost] [info] ExtensionService#loadCommonJSModule e:\tmp\fbi-61-62-labs\x64\vscode\resources\app\extensions\grunt\dist\main
[2019-02-14 23:04:57.506] [exthost] [info] ExtensionService#_doActivateExtension vscode.gulp {"startup":false,"activationEvent":"onCommand:workbench.action.tasks.runTask"}
[2019-02-14 23:04:57.506] [exthost] [info] ExtensionService#loadCommonJSModule e:\tmp\fbi-61-62-labs\x64\vscode\resources\app\extensions\gulp\dist\main
[2019-02-14 23:04:57.591] [exthost] [info] ExtensionService#_doActivateExtension vscode.jake {"startup":false,"activationEvent":"onCommand:workbench.action.tasks.runTask"}
[2019-02-14 23:04:57.591] [exthost] [info] ExtensionService#loadCommonJSModule e:\tmp\fbi-61-62-labs\x64\vscode\resources\app\extensions\jake\dist\main
[2019-02-14 23:04:57.707] [exthost] [info] ExtensionService#_doActivateExtension vscode.npm {"startup":false,"activationEvent":"onCommand:workbench.action.tasks.runTask"}
[2019-02-14 23:04:57.707] [exthost] [info] ExtensionService#loadCommonJSModule e:\tmp\fbi-61-62-labs\x64\vscode\resources\app\extensions\npm\dist\main
