[2019-02-10 23:44:58.206] [exthost] [info] extension host started
[2019-02-10 23:44:58.252] [exthost] [info] ExtensionService#_doActivateExtension vscode.debug-auto-launch {"startup":true,"activationEvent":"*"}
[2019-02-10 23:44:58.252] [exthost] [info] ExtensionService#loadCommonJSModule e:\tmp\fbi-61-62-labs\x64\vscode\resources\app\extensions\debug-auto-launch\dist\extension
[2019-02-10 23:44:58.320] [exthost] [info] ExtensionService#_doActivateExtension vscode.emmet {"startup":true,"activationEvent":"*"}
[2019-02-10 23:44:58.320] [exthost] [info] ExtensionService#loadCommonJSModule e:\tmp\fbi-61-62-labs\x64\vscode\resources\app\extensions\emmet\dist\extension
[2019-02-10 23:44:58.407] [exthost] [info] ExtensionService#_doActivateExtension vscode.git {"startup":true,"activationEvent":"*"}
[2019-02-10 23:44:58.407] [exthost] [info] ExtensionService#loadCommonJSModule e:\tmp\fbi-61-62-labs\x64\vscode\resources\app\extensions\git\dist\main
[2019-02-10 23:44:58.650] [exthost] [info] ExtensionService#_doActivateExtension vscode.merge-conflict {"startup":true,"activationEvent":"*"}
[2019-02-10 23:44:58.650] [exthost] [info] ExtensionService#loadCommonJSModule e:\tmp\fbi-61-62-labs\x64\vscode\resources\app\extensions\merge-conflict\dist\extension
[2019-02-10 23:44:58.709] [exthost] [info] eager extensions activated
[2019-02-10 23:45:25.436] [exthost] [info] extension host started
[2019-02-10 23:45:25.468] [exthost] [info] ExtensionService#_doActivateExtension vscode.debug-auto-launch {"startup":true,"activationEvent":"*"}
[2019-02-10 23:45:25.468] [exthost] [info] ExtensionService#loadCommonJSModule e:\tmp\fbi-61-62-labs\x64\vscode\resources\app\extensions\debug-auto-launch\dist\extension
[2019-02-10 23:45:25.472] [exthost] [info] ExtensionService#_doActivateExtension vscode.emmet {"startup":true,"activationEvent":"*"}
[2019-02-10 23:45:25.472] [exthost] [info] ExtensionService#loadCommonJSModule e:\tmp\fbi-61-62-labs\x64\vscode\resources\app\extensions\emmet\dist\extension
[2019-02-10 23:45:25.477] [exthost] [info] ExtensionService#_doActivateExtension vscode.git {"startup":true,"activationEvent":"*"}
[2019-02-10 23:45:25.477] [exthost] [info] ExtensionService#loadCommonJSModule e:\tmp\fbi-61-62-labs\x64\vscode\resources\app\extensions\git\dist\main
[2019-02-10 23:45:25.520] [exthost] [info] ExtensionService#_doActivateExtension vscode.merge-conflict {"startup":true,"activationEvent":"*"}
[2019-02-10 23:45:25.520] [exthost] [info] ExtensionService#loadCommonJSModule e:\tmp\fbi-61-62-labs\x64\vscode\resources\app\extensions\merge-conflict\dist\extension
[2019-02-10 23:45:25.524] [exthost] [info] eager extensions activated
[2019-02-10 23:46:24.511] [exthost] [info] ExtensionService#_doActivateExtension ms-vscode.csharp {"startup":false,"activationEvent":"onLanguage:csharp"}
[2019-02-10 23:46:24.511] [exthost] [info] ExtensionService#loadCommonJSModule e:\tmp\fbi-61-62-labs\x64\vscode\data\extensions\ms-vscode.csharp-1.17.1\out\src\main
[2019-02-10 23:47:50.494] [exthost] [error] [ms-vscode.csharp] provider FAILED
[2019-02-10 23:47:50.494] [exthost] [error] Problem invoking 'GetCodeActions' on OmniSharp server: Error: Pending request cancelled: /v2/getcodeactions
[2019-02-10 23:47:52.714] [exthost] [error] [ms-vscode.csharp] provider FAILED
[2019-02-10 23:47:52.714] [exthost] [error] Problem invoking 'GetCodeActions' on OmniSharp server: Error: Pending request cancelled: /v2/getcodeactions
[2019-02-10 23:47:54.240] [exthost] [info] ExtensionService#_doActivateExtension ms-vscode.node-debug2 {"startup":false,"activationEvent":"onDebugInitialConfigurations"}
[2019-02-10 23:47:54.241] [exthost] [info] ExtensionService#loadCommonJSModule e:\tmp\fbi-61-62-labs\x64\vscode\resources\app\extensions\ms-vscode.node-debug2\out\src\extension
[2019-02-10 23:47:54.256] [exthost] [info] ExtensionService#_doActivateExtension ms-vscode.node-debug {"startup":false,"activationEvent":"onDebugInitialConfigurations"}
[2019-02-10 23:47:54.256] [exthost] [info] ExtensionService#loadCommonJSModule e:\tmp\fbi-61-62-labs\x64\vscode\resources\app\extensions\ms-vscode.node-debug\dist\extension.js
[2019-02-10 23:48:18.315] [exthost] [info] ExtensionService#_doActivateExtension vscode.configuration-editing {"startup":false,"activationEvent":"onLanguage:jsonc"}
[2019-02-10 23:48:18.315] [exthost] [info] ExtensionService#loadCommonJSModule e:\tmp\fbi-61-62-labs\x64\vscode\resources\app\extensions\configuration-editing\dist\extension
[2019-02-10 23:48:18.595] [exthost] [info] ExtensionService#_doActivateExtension vscode.json-language-features {"startup":false,"activationEvent":"onLanguage:jsonc"}
[2019-02-10 23:48:18.595] [exthost] [info] ExtensionService#loadCommonJSModule e:\tmp\fbi-61-62-labs\x64\vscode\resources\app\extensions\json-language-features\client\dist\jsonMain
[2019-02-10 23:48:19.172] [exthost] [info] ExtensionService#_doActivateExtension vscode.typescript-language-features {"startup":false,"activationEvent":"onLanguage:jsonc"}
[2019-02-10 23:48:19.172] [exthost] [info] ExtensionService#loadCommonJSModule e:\tmp\fbi-61-62-labs\x64\vscode\resources\app\extensions\typescript-language-features\dist\extension
[2019-02-10 23:48:24.687] [exthost] [info] ExtensionService#_doActivateExtension vscode.grunt {"startup":false,"activationEvent":"onCommand:workbench.action.tasks.runTask"}
[2019-02-10 23:48:24.688] [exthost] [info] ExtensionService#loadCommonJSModule e:\tmp\fbi-61-62-labs\x64\vscode\resources\app\extensions\grunt\dist\main
[2019-02-10 23:48:24.732] [exthost] [info] ExtensionService#_doActivateExtension vscode.gulp {"startup":false,"activationEvent":"onCommand:workbench.action.tasks.runTask"}
[2019-02-10 23:48:24.732] [exthost] [info] ExtensionService#loadCommonJSModule e:\tmp\fbi-61-62-labs\x64\vscode\resources\app\extensions\gulp\dist\main
[2019-02-10 23:48:24.773] [exthost] [info] ExtensionService#_doActivateExtension vscode.jake {"startup":false,"activationEvent":"onCommand:workbench.action.tasks.runTask"}
[2019-02-10 23:48:24.773] [exthost] [info] ExtensionService#loadCommonJSModule e:\tmp\fbi-61-62-labs\x64\vscode\resources\app\extensions\jake\dist\main
[2019-02-10 23:48:24.818] [exthost] [info] ExtensionService#_doActivateExtension vscode.npm {"startup":false,"activationEvent":"onCommand:workbench.action.tasks.runTask"}
[2019-02-10 23:48:24.818] [exthost] [info] ExtensionService#loadCommonJSModule e:\tmp\fbi-61-62-labs\x64\vscode\resources\app\extensions\npm\dist\main
