Starting OmniSharp server at 14.02.2019, 0:01:03
    Target: e:\TMP\fbi-61-62-labs\mvc-trials

OmniSharp server started.
    Path: E:\tmp\fbi-61-62-labs\x64\vscode\data\extensions\ms-vscode.csharp-1.17.1\.omnisharp\1.32.8\OmniSharp.exe
    PID: 13508

[info]: OmniSharp.Stdio.Host
        Starting OmniSharp on Windows 6.2.9200.0 (x64)
[info]: OmniSharp.Services.DotNetCliService
        DotNetPath set to dotnet
[info]: OmniSharp.MSBuild.Discovery.MSBuildLocator
        Located 2 MSBuild instance(s)
            1: Visual Studio Community 2017 15.9.28307.280 - "C:\Program Files (x86)\Microsoft Visual Studio\2017\Community\MSBuild\15.0\Bin"
            2: StandAlone 15.0 - "E:\tmp\fbi-61-62-labs\x64\vscode\data\extensions\ms-vscode.csharp-1.17.1\.omnisharp\1.32.8\msbuild\15.0\Bin"
[info]: OmniSharp.MSBuild.Discovery.MSBuildLocator
        Registered MSBuild instance: Visual Studio Community 2017 15.9.28307.280 - "C:\Program Files (x86)\Microsoft Visual Studio\2017\Community\MSBuild\15.0\Bin"
[info]: OmniSharp.Cake.CakeProjectSystem
        Detecting Cake files in 'e:\TMP\fbi-61-62-labs\mvc-trials'.
[info]: OmniSharp.Cake.CakeProjectSystem
        Could not find any Cake files
[info]: OmniSharp.WorkspaceInitializer
        Project system 'OmniSharp.DotNet.DotNetProjectSystem' is disabled in the configuration.
[info]: OmniSharp.MSBuild.ProjectSystem
        No solution files found in 'e:\TMP\fbi-61-62-labs\mvc-trials'
[info]: OmniSharp.MSBuild.ProjectManager
        Queue project update for 'e:\TMP\fbi-61-62-labs\mvc-trials\mvc-trials.csproj'
[info]: OmniSharp.Script.ScriptProjectSystem
        Detecting CSX files in 'e:\TMP\fbi-61-62-labs\mvc-trials'.
[info]: OmniSharp.Script.ScriptProjectSystem
        Could not find any CSX files
[info]: OmniSharp.WorkspaceInitializer
        Invoking Workspace Options Provider: OmniSharp.Roslyn.CSharp.Services.CSharpWorkspaceOptionsProvider
[info]: OmniSharp.WorkspaceInitializer
        Configuration finished.
[info]: OmniSharp.Stdio.Host
        Omnisharp server running using Stdio at location 'e:\TMP\fbi-61-62-labs\mvc-trials' on host 5336.
[info]: OmniSharp.MSBuild.ProjectManager
        Loading project: e:\TMP\fbi-61-62-labs\mvc-trials\mvc-trials.csproj
[info]: OmniSharp.MSBuild.ProjectManager
        Successfully loaded project file 'e:\TMP\fbi-61-62-labs\mvc-trials\mvc-trials.csproj'.
[info]: OmniSharp.MSBuild.ProjectManager
        Adding project 'e:\TMP\fbi-61-62-labs\mvc-trials\mvc-trials.csproj'
[info]: OmniSharp.MSBuild.ProjectManager
        Update project: mvc-trials
[info]: OmniSharp.MSBuild.ProjectManager
        Queue project update for 'e:\TMP\fbi-61-62-labs\mvc-trials\mvc-trials.csproj'
[info]: OmniSharp.MSBuild.ProjectManager
        Queue project update for 'e:\TMP\fbi-61-62-labs\mvc-trials\mvc-trials.csproj'
[info]: OmniSharp.MSBuild.ProjectManager
        Queue project update for 'e:\TMP\fbi-61-62-labs\mvc-trials\mvc-trials.csproj'
[info]: OmniSharp.MSBuild.ProjectManager
        Loading project: e:\TMP\fbi-61-62-labs\mvc-trials\mvc-trials.csproj
[info]: OmniSharp.MSBuild.ProjectManager
        Successfully loaded project file 'e:\TMP\fbi-61-62-labs\mvc-trials\mvc-trials.csproj'.
[info]: OmniSharp.MSBuild.ProjectManager
        Update project: mvc-trials
[info]: OmniSharp.MSBuild.ProjectManager
        Queue project update for 'e:\TMP\fbi-61-62-labs\mvc-trials\mvc-trials.csproj'
[info]: OmniSharp.MSBuild.ProjectManager
        Loading project: e:\TMP\fbi-61-62-labs\mvc-trials\mvc-trials.csproj
[info]: OmniSharp.MSBuild.ProjectManager
        Successfully loaded project file 'e:\TMP\fbi-61-62-labs\mvc-trials\mvc-trials.csproj'.
[info]: OmniSharp.MSBuild.ProjectManager
        Update project: mvc-trials
[info]: OmniSharp.MSBuild.ProjectManager
        Queue project update for 'e:\TMP\fbi-61-62-labs\mvc-trials\mvc-trials.csproj'
[info]: OmniSharp.MSBuild.ProjectManager
        Loading project: e:\TMP\fbi-61-62-labs\mvc-trials\mvc-trials.csproj
[warn]: OmniSharp.MSBuild.ProjectManager
        Failed to load project file 'e:\TMP\fbi-61-62-labs\mvc-trials\mvc-trials.csproj'.
[info]: OmniSharp.MSBuild.ProjectManager
        Queue project update for 'e:\TMP\fbi-61-62-labs\mvc-trials\mvc-trials.csproj'
e:\TMP\fbi-61-62-labs\mvc-trials\mvc-trials.csproj(1,1)
Microsoft.Build.Exceptions.InvalidProjectFileException: не удалось загрузить файл проекта. Процесс не может получить доступ к файлу "e:\TMP\fbi-61-62-labs\mvc-trials\mvc-trials.csproj", так как этот файл используется другим процессом.  e:\TMP\fbi-61-62-labs\mvc-trials\mvc-trials.csproj ---> System.IO.IOException: Процесс не может получить доступ к файлу "e:\TMP\fbi-61-62-labs\mvc-trials\mvc-trials.csproj", так как этот файл используется другим процессом.
   в System.IO.__Error.WinIOError(Int32 errorCode, String maybeFullPath)
   в System.IO.FileStream.Init(String path, FileMode mode, FileAccess access, Int32 rights, Boolean useRights, FileShare share, Int32 bufferSize, FileOptions options, SECURITY_ATTRIBUTES secAttrs, String msgPath, Boolean bFromProxy, Boolean useLongPath, Boolean checkHost)
   в System.IO.FileStream..ctor(String path, FileMode mode, FileAccess access, FileShare share)
   в Microsoft.Build.Internal.XmlReaderExtension..ctor(String file)
   в Microsoft.Build.Construction.ProjectRootElement.LoadDocument(String fullPath, Boolean preserveFormatting)
   --- Конец трассировки внутреннего стека исключений ---
   в Microsoft.Build.Shared.ProjectFileErrorUtilities.VerifyThrowInvalidProjectFile(Boolean condition, String errorSubCategoryResourceName, BuildEventFileInfo projectFile, Exception innerException, String resourceName, Object[] args)
   в Microsoft.Build.Shared.ProjectFileErrorUtilities.ThrowInvalidProjectFile(BuildEventFileInfo projectFile, Exception innerException, String resourceName, Object[] args)
   в Microsoft.Build.Construction.ProjectRootElement.LoadDocument(String fullPath, Boolean preserveFormatting)
   в Microsoft.Build.Construction.ProjectRootElement..ctor(String path, ProjectRootElementCache projectRootElementCache, Boolean preserveFormatting)
   в Microsoft.Build.Construction.ProjectRootElement.CreateProjectFromPath(String projectFile, ProjectRootElementCache projectRootElementCache, Boolean preserveFormatting)
   в Microsoft.Build.Evaluation.ProjectRootElementCache.Get(String projectFile, OpenProjectRootElement openProjectRootElement, Boolean isExplicitlyLoaded, Nullable`1 preserveFormatting)
   в Microsoft.Build.Construction.ProjectRootElement.OpenProjectOrSolution(String fullPath, IDictionary`2 globalProperties, String toolsVersion, ProjectRootElementCache projectRootElementCache, Boolean isExplicitlyLoaded)
   в Microsoft.Build.Evaluation.Project..ctor(String projectFile, IDictionary`2 globalProperties, String toolsVersion, String subToolsetVersion, ProjectCollection projectCollection, ProjectLoadSettings loadSettings, EvaluationContext evaluationContext)
   в Microsoft.Build.Evaluation.ProjectCollection.LoadProject(String fileName, IDictionary`2 globalProperties, String toolsVersion)
   в OmniSharp.MSBuild.ProjectLoader.EvaluateProjectFileCore(String filePath)
   в OmniSharp.MSBuild.ProjectLoader.BuildProject(String filePath)
   в OmniSharp.MSBuild.ProjectFile.ProjectFileInfo.Reload(ProjectLoader loader)
   в OmniSharp.MSBuild.ProjectManager.LoadOrReloadProject(String projectFilePath, Func`1 loader)

[info]: OmniSharp.MSBuild.ProjectManager
        Update project: mvc-trials
[info]: OmniSharp.MSBuild.ProjectManager
        Queue project update for 'e:\TMP\fbi-61-62-labs\mvc-trials\mvc-trials.csproj'
[info]: OmniSharp.MSBuild.ProjectManager
        Loading project: e:\TMP\fbi-61-62-labs\mvc-trials\mvc-trials.csproj
[info]: OmniSharp.MSBuild.ProjectManager
        Queue project update for 'e:\TMP\fbi-61-62-labs\mvc-trials\mvc-trials.csproj'
[info]: OmniSharp.MSBuild.ProjectManager
        Successfully loaded project file 'e:\TMP\fbi-61-62-labs\mvc-trials\mvc-trials.csproj'.
[info]: OmniSharp.MSBuild.ProjectManager
        Update project: mvc-trials
[warn]: OmniSharp.MSBuild.PackageDependencyChecker
        mvc-trials: Did not find 'Microsoft.NET.Test.Sdk' in lock file.
[warn]: OmniSharp.MSBuild.PackageDependencyChecker
        mvc-trials: Did not find 'NUnit' in lock file.
[warn]: OmniSharp.MSBuild.PackageDependencyChecker
        mvc-trials: Did not find 'NUnit3testadapter' in lock file.
[info]: OmniSharp.MSBuild.ProjectManager
        Queue project update for 'e:\TMP\fbi-61-62-labs\mvc-trials\mvc-trials.csproj'
[info]: OmniSharp.MSBuild.ProjectManager
        Queue project update for 'e:\TMP\fbi-61-62-labs\mvc-trials\mvc-trials.csproj'
[info]: OmniSharp.MSBuild.ProjectManager
        Queue project update for 'e:\TMP\fbi-61-62-labs\mvc-trials\mvc-trials.csproj'
[info]: OmniSharp.MSBuild.ProjectManager
        Queue project update for 'e:\TMP\fbi-61-62-labs\mvc-trials\mvc-trials.csproj'
[info]: OmniSharp.MSBuild.ProjectManager
        Loading project: e:\TMP\fbi-61-62-labs\mvc-trials\mvc-trials.csproj
[warn]: OmniSharp.MSBuild.ProjectLoader
        не удалось прочитать файл состояния "obj\Debug\netcoreapp2.1\mvc-trials.csprojAssemblyReference.cache". Процесс не может получить доступ к файлу "e:\TMP\fbi-61-62-labs\mvc-trials\obj\Debug\netcoreapp2.1\mvc-trials.csprojAssemblyReference.cache", так как этот файл используется другим процессом.
[info]: OmniSharp.MSBuild.ProjectManager
        Successfully loaded project file 'e:\TMP\fbi-61-62-labs\mvc-trials\mvc-trials.csproj'.
e:\TMP\fbi-61-62-labs\mvc-trials\mvc-trials.csproj
C:\Program Files (x86)\Microsoft Visual Studio\2017\Community\MSBuild\15.0\Bin\Microsoft.Common.CurrentVersion.targets(2110,5): Error: не удалось прочитать файл состояния "obj\Debug\netcoreapp2.1\mvc-trials.csprojAssemblyReference.cache". Процесс не может получить доступ к файлу "e:\TMP\fbi-61-62-labs\mvc-trials\obj\Debug\netcoreapp2.1\mvc-trials.csprojAssemblyReference.cache", так как этот файл используется другим процессом.

[info]: OmniSharp.MSBuild.ProjectManager
        Update project: mvc-trials
[info]: OmniSharp.MSBuild.ProjectManager
        Queue project update for 'e:\TMP\fbi-61-62-labs\mvc-trials\mvc-trials.csproj'
[info]: OmniSharp.MSBuild.ProjectManager
        Queue project update for 'e:\TMP\fbi-61-62-labs\mvc-trials\mvc-trials.csproj'
[info]: OmniSharp.MSBuild.ProjectManager
        Queue project update for 'e:\TMP\fbi-61-62-labs\mvc-trials\mvc-trials.csproj'
[info]: OmniSharp.MSBuild.ProjectManager
        Loading project: e:\TMP\fbi-61-62-labs\mvc-trials\mvc-trials.csproj
[info]: OmniSharp.MSBuild.ProjectManager
        Successfully loaded project file 'e:\TMP\fbi-61-62-labs\mvc-trials\mvc-trials.csproj'.
[info]: OmniSharp.MSBuild.ProjectManager
        Update project: mvc-trials
