[2019-02-11 22:20:34.171] [exthost] [info] extension host started
[2019-02-11 22:20:34.220] [exthost] [info] ExtensionService#_doActivateExtension vscode.debug-auto-launch {"startup":true,"activationEvent":"*"}
[2019-02-11 22:20:34.220] [exthost] [info] ExtensionService#loadCommonJSModule e:\tmp\fbi-61-62-labs\x64\vscode\resources\app\extensions\debug-auto-launch\dist\extension
[2019-02-11 22:20:34.296] [exthost] [info] ExtensionService#_doActivateExtension vscode.emmet {"startup":true,"activationEvent":"*"}
[2019-02-11 22:20:34.296] [exthost] [info] ExtensionService#loadCommonJSModule e:\tmp\fbi-61-62-labs\x64\vscode\resources\app\extensions\emmet\dist\extension
[2019-02-11 22:20:34.407] [exthost] [info] ExtensionService#_doActivateExtension vscode.git {"startup":true,"activationEvent":"*"}
[2019-02-11 22:20:34.407] [exthost] [info] ExtensionService#loadCommonJSModule e:\tmp\fbi-61-62-labs\x64\vscode\resources\app\extensions\git\dist\main
[2019-02-11 22:20:34.703] [exthost] [info] ExtensionService#_doActivateExtension vscode.merge-conflict {"startup":true,"activationEvent":"*"}
[2019-02-11 22:20:34.703] [exthost] [info] ExtensionService#loadCommonJSModule e:\tmp\fbi-61-62-labs\x64\vscode\resources\app\extensions\merge-conflict\dist\extension
[2019-02-11 22:20:34.811] [exthost] [info] eager extensions activated
[2019-02-11 22:23:18.083] [exthost] [info] extension host started
[2019-02-11 22:23:18.124] [exthost] [info] ExtensionService#_doActivateExtension vscode.debug-auto-launch {"startup":true,"activationEvent":"*"}
[2019-02-11 22:23:18.124] [exthost] [info] ExtensionService#loadCommonJSModule e:\tmp\fbi-61-62-labs\x64\vscode\resources\app\extensions\debug-auto-launch\dist\extension
[2019-02-11 22:23:18.127] [exthost] [info] ExtensionService#_doActivateExtension vscode.emmet {"startup":true,"activationEvent":"*"}
[2019-02-11 22:23:18.127] [exthost] [info] ExtensionService#loadCommonJSModule e:\tmp\fbi-61-62-labs\x64\vscode\resources\app\extensions\emmet\dist\extension
[2019-02-11 22:23:18.132] [exthost] [info] ExtensionService#_doActivateExtension vscode.git {"startup":true,"activationEvent":"*"}
[2019-02-11 22:23:18.132] [exthost] [info] ExtensionService#loadCommonJSModule e:\tmp\fbi-61-62-labs\x64\vscode\resources\app\extensions\git\dist\main
[2019-02-11 22:23:18.175] [exthost] [info] ExtensionService#_doActivateExtension vscode.merge-conflict {"startup":true,"activationEvent":"*"}
[2019-02-11 22:23:18.175] [exthost] [info] ExtensionService#loadCommonJSModule e:\tmp\fbi-61-62-labs\x64\vscode\resources\app\extensions\merge-conflict\dist\extension
[2019-02-11 22:23:19.828] [exthost] [info] ExtensionService#_doActivateExtension ms-vscode.csharp {"startup":true,"activationEvent":"workspaceContains:*.csproj,*.sln,*.csx,*.cake,**/*.csproj,**/*.sln,**/*.csx,**/*.cake"}
[2019-02-11 22:23:19.828] [exthost] [info] ExtensionService#loadCommonJSModule E:\tmp\fbi-61-62-labs\x64\vscode\data\extensions\ms-vscode.csharp-1.17.1\out\src\main
[2019-02-11 22:23:44.711] [exthost] [info] eager extensions activated
[2019-02-11 22:26:02.847] [exthost] [info] ExtensionService#_doActivateExtension vscode.grunt {"startup":false,"activationEvent":"onCommand:workbench.action.tasks.runTask"}
[2019-02-11 22:26:02.847] [exthost] [info] ExtensionService#loadCommonJSModule e:\tmp\fbi-61-62-labs\x64\vscode\resources\app\extensions\grunt\dist\main
[2019-02-11 22:26:02.926] [exthost] [info] ExtensionService#_doActivateExtension vscode.gulp {"startup":false,"activationEvent":"onCommand:workbench.action.tasks.runTask"}
[2019-02-11 22:26:02.926] [exthost] [info] ExtensionService#loadCommonJSModule e:\tmp\fbi-61-62-labs\x64\vscode\resources\app\extensions\gulp\dist\main
[2019-02-11 22:26:02.990] [exthost] [info] ExtensionService#_doActivateExtension vscode.jake {"startup":false,"activationEvent":"onCommand:workbench.action.tasks.runTask"}
[2019-02-11 22:26:02.990] [exthost] [info] ExtensionService#loadCommonJSModule e:\tmp\fbi-61-62-labs\x64\vscode\resources\app\extensions\jake\dist\main
[2019-02-11 22:26:03.064] [exthost] [info] ExtensionService#_doActivateExtension vscode.npm {"startup":false,"activationEvent":"onCommand:workbench.action.tasks.runTask"}
[2019-02-11 22:26:03.064] [exthost] [info] ExtensionService#loadCommonJSModule e:\tmp\fbi-61-62-labs\x64\vscode\resources\app\extensions\npm\dist\main
[2019-02-11 22:26:03.205] [exthost] [info] ExtensionService#_doActivateExtension vscode.typescript-language-features {"startup":false,"activationEvent":"onCommand:workbench.action.tasks.runTask"}
[2019-02-11 22:26:03.205] [exthost] [info] ExtensionService#loadCommonJSModule e:\tmp\fbi-61-62-labs\x64\vscode\resources\app\extensions\typescript-language-features\dist\extension
[2019-02-11 22:26:51.747] [exthost] [info] ExtensionService#_doActivateExtension vscode.configuration-editing {"startup":false,"activationEvent":"onLanguage:json"}
[2019-02-11 22:26:51.747] [exthost] [info] ExtensionService#loadCommonJSModule e:\tmp\fbi-61-62-labs\x64\vscode\resources\app\extensions\configuration-editing\dist\extension
[2019-02-11 22:26:51.924] [exthost] [info] ExtensionService#_doActivateExtension vscode.extension-editing {"startup":false,"activationEvent":"onLanguage:json"}
[2019-02-11 22:26:51.924] [exthost] [info] ExtensionService#loadCommonJSModule e:\tmp\fbi-61-62-labs\x64\vscode\resources\app\extensions\extension-editing\dist\extension
[2019-02-11 22:26:52.735] [exthost] [info] ExtensionService#_doActivateExtension vscode.json-language-features {"startup":false,"activationEvent":"onLanguage:json"}
[2019-02-11 22:26:52.735] [exthost] [info] ExtensionService#loadCommonJSModule e:\tmp\fbi-61-62-labs\x64\vscode\resources\app\extensions\json-language-features\client\dist\jsonMain
[2019-02-11 22:27:19.386] [exthost] [error] [ms-vscode.csharp] provider FAILED
[2019-02-11 22:27:19.386] [exthost] [error] "System.NullReferenceException: Ссылка на объект не указывает на экземпляр объекта.\r\n   в OmniSharp.Roslyn.CSharp.Services.Structure.BlockStructureService.<Handle>d__12.MoveNext()\r\n--- Конец трассировка стека из предыдущего расположения, где возникло исключение ---\r\n   в System.Runtime.ExceptionServices.ExceptionDispatchInfo.Throw()\r\n   в System.Runtime.CompilerServices.TaskAwaiter.HandleNonSuccessAndDebuggerNotification(Task task)\r\n   в OmniSharp.Endpoint.EndpointHandler`2.<HandleSingleRequest>d__18.MoveNext()\r\n--- Конец трассировка стека из предыдущего расположения, где возникло исключение ---\r\n   в System.Runtime.ExceptionServices.ExceptionDispatchInfo.Throw()\r\n   в System.Runtime.CompilerServices.TaskAwaiter.HandleNonSuccessAndDebuggerNotification(Task task)\r\n   в OmniSharp.Endpoint.EndpointHandler`2.<Process>d__16.MoveNext()\r\n--- Конец трассировка стека из предыдущего расположения, где возникло исключение ---\r\n   в System.Runtime.ExceptionServices.ExceptionDispatchInfo.Throw()\r\n   в System.Runtime.CompilerServices.TaskAwaiter.HandleNonSuccessAndDebuggerNotification(Task task)\r\n   в OmniSharp.Stdio.Host.<HandleRequest>d__13.MoveNext()"
[2019-02-11 22:27:31.848] [exthost] [error] [ms-vscode.csharp] provider FAILED
[2019-02-11 22:27:31.848] [exthost] [error] "System.NullReferenceException: Ссылка на объект не указывает на экземпляр объекта.\r\n   в OmniSharp.Roslyn.CSharp.Services.Structure.BlockStructureService.<Handle>d__12.MoveNext()\r\n--- Конец трассировка стека из предыдущего расположения, где возникло исключение ---\r\n   в System.Runtime.ExceptionServices.ExceptionDispatchInfo.Throw()\r\n   в System.Runtime.CompilerServices.TaskAwaiter.HandleNonSuccessAndDebuggerNotification(Task task)\r\n   в OmniSharp.Endpoint.EndpointHandler`2.<HandleSingleRequest>d__18.MoveNext()\r\n--- Конец трассировка стека из предыдущего расположения, где возникло исключение ---\r\n   в System.Runtime.ExceptionServices.ExceptionDispatchInfo.Throw()\r\n   в System.Runtime.CompilerServices.TaskAwaiter.HandleNonSuccessAndDebuggerNotification(Task task)\r\n   в OmniSharp.Endpoint.EndpointHandler`2.<Process>d__16.MoveNext()\r\n--- Конец трассировка стека из предыдущего расположения, где возникло исключение ---\r\n   в System.Runtime.ExceptionServices.ExceptionDispatchInfo.Throw()\r\n   в System.Runtime.CompilerServices.TaskAwaiter.HandleNonSuccessAndDebuggerNotification(Task task)\r\n   в OmniSharp.Stdio.Host.<HandleRequest>d__13.MoveNext()"
[2019-02-11 22:28:18.045] [exthost] [error] [ms-vscode.csharp] provider FAILED
[2019-02-11 22:28:18.048] [exthost] [error] Error: Pending request cancelled: /v2/blockstructure
	at RequestQueue.cancelRequest (E:\tmp\fbi-61-62-labs\x64\vscode\data\extensions\ms-vscode.csharp-1.17.1\out\src\omnisharp\requestQueue.js:45:29)
	at RequestQueueCollection.cancelRequest (E:\tmp\fbi-61-62-labs\x64\vscode\data\extensions\ms-vscode.csharp-1.17.1\out\src\omnisharp\requestQueue.js:115:15)
	at makeRequest.token.onCancellationRequested (E:\tmp\fbi-61-62-labs\x64\vscode\data\extensions\ms-vscode.csharp-1.17.1\out\src\omnisharp\server.js:413:40)
	at e.fire (e:\tmp\fbi-61-62-labs\x64\vscode\resources\app\out\vs\workbench\services\extensions\node\extensionHostProcess.js:44:113)
	at e.cancel (e:\tmp\fbi-61-62-labs\x64\vscode\resources\app\out\vs\workbench\services\extensions\node\extensionHostProcess.js:48:230)
	at e.cancel (e:\tmp\fbi-61-62-labs\x64\vscode\resources\app\out\vs\workbench\services\extensions\node\extensionHostProcess.js:48:952)
	at Object.c (e:\tmp\fbi-61-62-labs\x64\vscode\resources\app\out\vs\workbench\services\extensions\node\extensionHostProcess.js:642:300)
	at t._receiveCancel (e:\tmp\fbi-61-62-labs\x64\vscode\resources\app\out\vs\workbench\services\extensions\node\extensionHostProcess.js:643:64)
	at t._receiveOneMessage (e:\tmp\fbi-61-62-labs\x64\vscode\resources\app\out\vs\workbench\services\extensions\node\extensionHostProcess.js:641:505)
	at e:\tmp\fbi-61-62-labs\x64\vscode\resources\app\out\vs\workbench\services\extensions\node\extensionHostProcess.js:638:960
	at e:\tmp\fbi-61-62-labs\x64\vscode\resources\app\out\vs\workbench\services\extensions\node\extensionHostProcess.js:38:994
	at e.fire (e:\tmp\fbi-61-62-labs\x64\vscode\resources\app\out\vs\workbench\services\extensions\node\extensionHostProcess.js:44:113)
	at a (e:\tmp\fbi-61-62-labs\x64\vscode\resources\app\out\vs\workbench\services\extensions\node\extensionHostProcess.js:170:213)
	at Socket.f._socketDataListener (e:\tmp\fbi-61-62-labs\x64\vscode\resources\app\out\vs\workbench\services\extensions\node\extensionHostProcess.js:170:434)
	at Socket.emit (events.js:182:13)
	at addChunk (_stream_readable.js:279:12)
	at readableAddChunk (_stream_readable.js:264:11)
	at Socket.Readable.push (_stream_readable.js:219:10)
	at Pipe.onread (net.js:636:20)
[2019-02-11 22:30:49.211] [exthost] [info] ExtensionService#_doActivateExtension ms-vscode.references-view {"startup":false,"activationEvent":"onCommand:references-view.find"}
[2019-02-11 22:30:49.211] [exthost] [info] ExtensionService#loadCommonJSModule e:\tmp\fbi-61-62-labs\x64\vscode\resources\app\extensions\ms-vscode.references-view\out\src\extension
[2019-02-11 22:35:56.868] [exthost] [error] [ms-vscode.csharp] provider FAILED
[2019-02-11 22:35:56.868] [exthost] [error] "System.NullReferenceException: Ссылка на объект не указывает на экземпляр объекта.\r\n   в OmniSharp.Roslyn.CSharp.Services.Structure.BlockStructureService.<Handle>d__12.MoveNext()\r\n--- Конец трассировка стека из предыдущего расположения, где возникло исключение ---\r\n   в System.Runtime.ExceptionServices.ExceptionDispatchInfo.Throw()\r\n   в System.Runtime.CompilerServices.TaskAwaiter.HandleNonSuccessAndDebuggerNotification(Task task)\r\n   в OmniSharp.Endpoint.EndpointHandler`2.<HandleSingleRequest>d__18.MoveNext()\r\n--- Конец трассировка стека из предыдущего расположения, где возникло исключение ---\r\n   в System.Runtime.ExceptionServices.ExceptionDispatchInfo.Throw()\r\n   в System.Runtime.CompilerServices.TaskAwaiter.HandleNonSuccessAndDebuggerNotification(Task task)\r\n   в OmniSharp.Endpoint.EndpointHandler`2.<Process>d__16.MoveNext()\r\n--- Конец трассировка стека из предыдущего расположения, где возникло исключение ---\r\n   в System.Runtime.ExceptionServices.ExceptionDispatchInfo.Throw()\r\n   в System.Runtime.CompilerServices.TaskAwaiter.HandleNonSuccessAndDebuggerNotification(Task task)\r\n   в OmniSharp.Stdio.Host.<HandleRequest>d__13.MoveNext()"
[2019-02-11 22:36:04.666] [exthost] [error] [ms-vscode.csharp] provider FAILED
[2019-02-11 22:36:04.666] [exthost] [error] "System.NullReferenceException: Ссылка на объект не указывает на экземпляр объекта.\r\n   в OmniSharp.Roslyn.CSharp.Services.Structure.BlockStructureService.<Handle>d__12.MoveNext()\r\n--- Конец трассировка стека из предыдущего расположения, где возникло исключение ---\r\n   в System.Runtime.ExceptionServices.ExceptionDispatchInfo.Throw()\r\n   в System.Runtime.CompilerServices.TaskAwaiter.HandleNonSuccessAndDebuggerNotification(Task task)\r\n   в OmniSharp.Endpoint.EndpointHandler`2.<HandleSingleRequest>d__18.MoveNext()\r\n--- Конец трассировка стека из предыдущего расположения, где возникло исключение ---\r\n   в System.Runtime.ExceptionServices.ExceptionDispatchInfo.Throw()\r\n   в System.Runtime.CompilerServices.TaskAwaiter.HandleNonSuccessAndDebuggerNotification(Task task)\r\n   в OmniSharp.Endpoint.EndpointHandler`2.<Process>d__16.MoveNext()\r\n--- Конец трассировка стека из предыдущего расположения, где возникло исключение ---\r\n   в System.Runtime.ExceptionServices.ExceptionDispatchInfo.Throw()\r\n   в System.Runtime.CompilerServices.TaskAwaiter.HandleNonSuccessAndDebuggerNotification(Task task)\r\n   в OmniSharp.Stdio.Host.<HandleRequest>d__13.MoveNext()"
[2019-02-11 22:52:42.086] [exthost] [error] [ms-vscode.csharp] provider FAILED
[2019-02-11 22:52:42.086] [exthost] [error] "System.NullReferenceException: Ссылка на объект не указывает на экземпляр объекта.\r\n   в OmniSharp.Roslyn.CSharp.Services.Structure.BlockStructureService.<Handle>d__12.MoveNext()\r\n--- Конец трассировка стека из предыдущего расположения, где возникло исключение ---\r\n   в System.Runtime.ExceptionServices.ExceptionDispatchInfo.Throw()\r\n   в System.Runtime.CompilerServices.TaskAwaiter.HandleNonSuccessAndDebuggerNotification(Task task)\r\n   в OmniSharp.Endpoint.EndpointHandler`2.<HandleSingleRequest>d__18.MoveNext()\r\n--- Конец трассировка стека из предыдущего расположения, где возникло исключение ---\r\n   в System.Runtime.ExceptionServices.ExceptionDispatchInfo.Throw()\r\n   в System.Runtime.CompilerServices.TaskAwaiter.HandleNonSuccessAndDebuggerNotification(Task task)\r\n   в OmniSharp.Endpoint.EndpointHandler`2.<Process>d__16.MoveNext()\r\n--- Конец трассировка стека из предыдущего расположения, где возникло исключение ---\r\n   в System.Runtime.ExceptionServices.ExceptionDispatchInfo.Throw()\r\n   в System.Runtime.CompilerServices.TaskAwaiter.HandleNonSuccessAndDebuggerNotification(Task task)\r\n   в OmniSharp.Stdio.Host.<HandleRequest>d__13.MoveNext()"
[2019-02-11 22:55:33.632] [exthost] [error] [ms-vscode.csharp] provider FAILED
[2019-02-11 22:55:33.632] [exthost] [error] "System.NullReferenceException: Ссылка на объект не указывает на экземпляр объекта.\r\n   в OmniSharp.Roslyn.CSharp.Services.Structure.BlockStructureService.<Handle>d__12.MoveNext()\r\n--- Конец трассировка стека из предыдущего расположения, где возникло исключение ---\r\n   в System.Runtime.ExceptionServices.ExceptionDispatchInfo.Throw()\r\n   в System.Runtime.CompilerServices.TaskAwaiter.HandleNonSuccessAndDebuggerNotification(Task task)\r\n   в OmniSharp.Endpoint.EndpointHandler`2.<HandleSingleRequest>d__18.MoveNext()\r\n--- Конец трассировка стека из предыдущего расположения, где возникло исключение ---\r\n   в System.Runtime.ExceptionServices.ExceptionDispatchInfo.Throw()\r\n   в System.Runtime.CompilerServices.TaskAwaiter.HandleNonSuccessAndDebuggerNotification(Task task)\r\n   в OmniSharp.Endpoint.EndpointHandler`2.<Process>d__16.MoveNext()\r\n--- Конец трассировка стека из предыдущего расположения, где возникло исключение ---\r\n   в System.Runtime.ExceptionServices.ExceptionDispatchInfo.Throw()\r\n   в System.Runtime.CompilerServices.TaskAwaiter.HandleNonSuccessAndDebuggerNotification(Task task)\r\n   в OmniSharp.Stdio.Host.<HandleRequest>d__13.MoveNext()"
[2019-02-11 22:56:19.246] [exthost] [error] [ms-vscode.csharp] provider FAILED
[2019-02-11 22:56:19.246] [exthost] [error] "System.NullReferenceException: Ссылка на объект не указывает на экземпляр объекта.\r\n   в OmniSharp.Roslyn.CSharp.Services.Structure.BlockStructureService.<Handle>d__12.MoveNext()\r\n--- Конец трассировка стека из предыдущего расположения, где возникло исключение ---\r\n   в System.Runtime.ExceptionServices.ExceptionDispatchInfo.Throw()\r\n   в System.Runtime.CompilerServices.TaskAwaiter.HandleNonSuccessAndDebuggerNotification(Task task)\r\n   в OmniSharp.Endpoint.EndpointHandler`2.<HandleSingleRequest>d__18.MoveNext()\r\n--- Конец трассировка стека из предыдущего расположения, где возникло исключение ---\r\n   в System.Runtime.ExceptionServices.ExceptionDispatchInfo.Throw()\r\n   в System.Runtime.CompilerServices.TaskAwaiter.HandleNonSuccessAndDebuggerNotification(Task task)\r\n   в OmniSharp.Endpoint.EndpointHandler`2.<Process>d__16.MoveNext()\r\n--- Конец трассировка стека из предыдущего расположения, где возникло исключение ---\r\n   в System.Runtime.ExceptionServices.ExceptionDispatchInfo.Throw()\r\n   в System.Runtime.CompilerServices.TaskAwaiter.HandleNonSuccessAndDebuggerNotification(Task task)\r\n   в OmniSharp.Stdio.Host.<HandleRequest>d__13.MoveNext()"
