[2019-02-15 23:14:16.091] [renderer1] [info] no standard startup: not the explorer viewlet
[2019-02-15 23:15:10.034] [renderer1] [info] no standard startup: not just one text editor
[2019-02-15 23:17:47.300] [renderer1] [error] Error processing 'threads' request. Unknown Error: 0x8007139f: Error: Error processing 'threads' request. Unknown Error: 0x8007139f
    at t.handleErrorResponse (file:///E:/tmp/fbi-61-62-labs/x64/vscode/resources/app/out/vs/workbench/workbench.main.js:2788:701)
    at file:///E:/tmp/fbi-61-62-labs/x64/vscode/resources/app/out/vs/workbench/workbench.main.js:2788:133
    at process._tickCallback (internal/process/next_tick.js:68:7)
[2019-02-15 23:19:57.243] [renderer1] [error] Error processing 'threads' request. Unknown Error: 0x8007139f: Error: Error processing 'threads' request. Unknown Error: 0x8007139f
    at t.handleErrorResponse (file:///E:/tmp/fbi-61-62-labs/x64/vscode/resources/app/out/vs/workbench/workbench.main.js:2788:701)
    at file:///E:/tmp/fbi-61-62-labs/x64/vscode/resources/app/out/vs/workbench/workbench.main.js:2788:133
    at process._tickCallback (internal/process/next_tick.js:68:7)
[2019-02-15 23:25:16.128] [renderer1] [error] An unknown error occurred. Please consult the log for more details.
[2019-02-15 23:28:41.915] [renderer1] [error] An unknown error occurred. Please consult the log for more details.
[2019-02-15 23:28:47.062] [renderer1] [error] An unknown error occurred. Please consult the log for more details.
[2019-02-15 23:28:51.862] [renderer1] [error] An unknown error occurred. Please consult the log for more details.
[2019-02-15 23:32:42.534] [renderer1] [error] Error processing 'threads' request. Unknown Error: 0x8007139f: Error: Error processing 'threads' request. Unknown Error: 0x8007139f
    at t.handleErrorResponse (file:///E:/tmp/fbi-61-62-labs/x64/vscode/resources/app/out/vs/workbench/workbench.main.js:2788:701)
    at file:///E:/tmp/fbi-61-62-labs/x64/vscode/resources/app/out/vs/workbench/workbench.main.js:2788:133
    at process._tickCallback (internal/process/next_tick.js:68:7)
[2019-02-15 23:39:44.594] [renderer1] [error] Error processing 'threads' request. Unknown Error: 0x8007139f: Error: Error processing 'threads' request. Unknown Error: 0x8007139f
    at t.handleErrorResponse (file:///E:/tmp/fbi-61-62-labs/x64/vscode/resources/app/out/vs/workbench/workbench.main.js:2788:701)
    at file:///E:/tmp/fbi-61-62-labs/x64/vscode/resources/app/out/vs/workbench/workbench.main.js:2788:133
    at process._tickCallback (internal/process/next_tick.js:68:7)
[2019-02-15 23:42:36.715] [renderer1] [error] Error processing 'threads' request. Unknown Error: 0x8007139f: Error: Error processing 'threads' request. Unknown Error: 0x8007139f
    at t.handleErrorResponse (file:///E:/tmp/fbi-61-62-labs/x64/vscode/resources/app/out/vs/workbench/workbench.main.js:2788:701)
    at file:///E:/tmp/fbi-61-62-labs/x64/vscode/resources/app/out/vs/workbench/workbench.main.js:2788:133
    at process._tickCallback (internal/process/next_tick.js:68:7)
[2019-02-15 23:44:56.004] [renderer1] [error] Error processing 'threads' request. Unknown Error: 0x8007139f: Error: Error processing 'threads' request. Unknown Error: 0x8007139f
    at t.handleErrorResponse (file:///E:/tmp/fbi-61-62-labs/x64/vscode/resources/app/out/vs/workbench/workbench.main.js:2788:701)
    at file:///E:/tmp/fbi-61-62-labs/x64/vscode/resources/app/out/vs/workbench/workbench.main.js:2788:133
    at process._tickCallback (internal/process/next_tick.js:68:7)
[2019-02-15 23:50:18.003] [renderer1] [error] Error processing 'threads' request. Unknown Error: 0x8007139f: Error: Error processing 'threads' request. Unknown Error: 0x8007139f
    at t.handleErrorResponse (file:///E:/tmp/fbi-61-62-labs/x64/vscode/resources/app/out/vs/workbench/workbench.main.js:2788:701)
    at file:///E:/tmp/fbi-61-62-labs/x64/vscode/resources/app/out/vs/workbench/workbench.main.js:2788:133
    at process._tickCallback (internal/process/next_tick.js:68:7)
[2019-02-16 00:30:57.266] [renderer1] [error] Error processing 'threads' request. Unknown Error: 0x8007139f: Error: Error processing 'threads' request. Unknown Error: 0x8007139f
    at t.handleErrorResponse (file:///E:/tmp/fbi-61-62-labs/x64/vscode/resources/app/out/vs/workbench/workbench.main.js:2788:701)
    at file:///E:/tmp/fbi-61-62-labs/x64/vscode/resources/app/out/vs/workbench/workbench.main.js:2788:133
    at process._tickCallback (internal/process/next_tick.js:68:7)
