[2019-02-15 22:45:55.990] [renderer1] [info] no standard startup: not a new window
[2019-02-15 22:48:44.478] [renderer1] [info] no standard startup: not the explorer viewlet
[2019-02-15 22:48:55.433] [renderer1] [info] no standard startup: not running latest version
[2019-02-15 22:49:41.798] [renderer1] [error] An unknown error occurred. Please consult the log for more details.
[2019-02-15 22:49:42.611] [renderer1] [error] Pending request cancelled: /codecheck: Error: Pending request cancelled: /codecheck
	at RequestQueue.cancelRequest (E:\tmp\fbi-61-62-labs\x64\vscode\data\extensions\ms-vscode.csharp-1.17.1\out\src\omnisharp\requestQueue.js:45:29)
	at RequestQueueCollection.cancelRequest (E:\tmp\fbi-61-62-labs\x64\vscode\data\extensions\ms-vscode.csharp-1.17.1\out\src\omnisharp\requestQueue.js:115:15)
	at makeRequest.token.onCancellationRequested (E:\tmp\fbi-61-62-labs\x64\vscode\data\extensions\ms-vscode.csharp-1.17.1\out\src\omnisharp\server.js:413:40)
	at e.fire (e:\tmp\fbi-61-62-labs\x64\vscode\resources\app\out\vs\workbench\services\extensions\node\extensionHostProcess.js:44:113)
	at e.cancel (e:\tmp\fbi-61-62-labs\x64\vscode\resources\app\out\vs\workbench\services\extensions\node\extensionHostProcess.js:48:230)
	at e.cancel (e:\tmp\fbi-61-62-labs\x64\vscode\resources\app\out\vs\workbench\services\extensions\node\extensionHostProcess.js:48:952)
	at DiagnosticsProvider._validateDocument (E:\tmp\fbi-61-62-labs\x64\vscode\data\extensions\ms-vscode.csharp-1.17.1\out\src\features\diagnosticsProvider.js:174:44)
	at DiagnosticsProvider._onDocumentAddOrChange (E:\tmp\fbi-61-62-labs\x64\vscode\data\extensions\ms-vscode.csharp-1.17.1\out\src\features\diagnosticsProvider.js:150:14)
	at DiagnosticsProvider._onDidChangeActiveTextEditor (E:\tmp\fbi-61-62-labs\x64\vscode\data\extensions\ms-vscode.csharp-1.17.1\out\src\features\diagnosticsProvider.js:143:18)
	at DiagnosticsProvider._OnDidChangeWindowState (E:\tmp\fbi-61-62-labs\x64\vscode\data\extensions\ms-vscode.csharp-1.17.1\out\src\features\diagnosticsProvider.js:137:18)
	at DiagnosticsProvider.constructor.vscode.window.onDidChangeWindowState.event (E:\tmp\fbi-61-62-labs\x64\vscode\data\extensions\ms-vscode.csharp-1.17.1\out\src\features\diagnosticsProvider.js:114:69)
	at e.fire (e:\tmp\fbi-61-62-labs\x64\vscode\resources\app\out\vs\workbench\services\extensions\node\extensionHostProcess.js:44:133)
	at e.$onDidChangeWindowFocus (e:\tmp\fbi-61-62-labs\x64\vscode\resources\app\out\vs\workbench\services\extensions\node\extensionHostProcess.js:629:542)
	at t._doInvokeHandler (e:\tmp\fbi-61-62-labs\x64\vscode\resources\app\out\vs\workbench\services\extensions\node\extensionHostProcess.js:644:118)
	at t._invokeHandler (e:\tmp\fbi-61-62-labs\x64\vscode\resources\app\out\vs\workbench\services\extensions\node\extensionHostProcess.js:643:744)
	at t._receiveRequest (e:\tmp\fbi-61-62-labs\x64\vscode\resources\app\out\vs\workbench\services\extensions\node\extensionHostProcess.js:642:322)
	at t._receiveOneMessage (e:\tmp\fbi-61-62-labs\x64\vscode\resources\app\out\vs\workbench\services\extensions\node\extensionHostProcess.js:641:155)
	at e:\tmp\fbi-61-62-labs\x64\vscode\resources\app\out\vs\workbench\services\extensions\node\extensionHostProcess.js:638:960
	at e:\tmp\fbi-61-62-labs\x64\vscode\resources\app\out\vs\workbench\services\extensions\node\extensionHostProcess.js:38:994
	at e.fire (e:\tmp\fbi-61-62-labs\x64\vscode\resources\app\out\vs\workbench\services\extensions\node\extensionHostProcess.js:44:113)
	at a (e:\tmp\fbi-61-62-labs\x64\vscode\resources\app\out\vs\workbench\services\extensions\node\extensionHostProcess.js:170:213)
	at Socket.f._socketDataListener (e:\tmp\fbi-61-62-labs\x64\vscode\resources\app\out\vs\workbench\services\extensions\node\extensionHostProcess.js:170:434)
	at Socket.emit (events.js:182:13)
	at addChunk (_stream_readable.js:279:12)
	at readableAddChunk (_stream_readable.js:264:11)
	at Socket.Readable.push (_stream_readable.js:219:10)
	at Pipe.onread (net.js:636:20)
[2019-02-15 22:49:59.164] [renderer1] [info] no standard startup: not the explorer viewlet
