[2019-02-22 13:04:38.181] [exthost] [info] extension host started
[2019-02-22 13:04:38.203] [exthost] [info] ExtensionService#_doActivateExtension vscode.debug-auto-launch {"startup":true,"activationEvent":"*"}
[2019-02-22 13:04:38.203] [exthost] [info] ExtensionService#loadCommonJSModule c:\data\tmp\lab\vscode\resources\app\extensions\debug-auto-launch\dist\extension
[2019-02-22 13:04:38.207] [exthost] [info] ExtensionService#_doActivateExtension vscode.emmet {"startup":true,"activationEvent":"*"}
[2019-02-22 13:04:38.207] [exthost] [info] ExtensionService#loadCommonJSModule c:\data\tmp\lab\vscode\resources\app\extensions\emmet\dist\extension
[2019-02-22 13:04:38.229] [exthost] [info] ExtensionService#_doActivateExtension vscode.git {"startup":true,"activationEvent":"*"}
[2019-02-22 13:04:38.229] [exthost] [info] ExtensionService#loadCommonJSModule c:\data\tmp\lab\vscode\resources\app\extensions\git\dist\main
[2019-02-22 13:04:38.340] [exthost] [info] ExtensionService#_doActivateExtension vscode.merge-conflict {"startup":true,"activationEvent":"*"}
[2019-02-22 13:04:38.340] [exthost] [info] ExtensionService#loadCommonJSModule c:\data\tmp\lab\vscode\resources\app\extensions\merge-conflict\dist\extension
[2019-02-22 13:04:38.348] [exthost] [info] eager extensions activated
[2019-02-22 13:04:53.505] [exthost] [info] extension host started
[2019-02-22 13:04:53.526] [exthost] [info] ExtensionService#_doActivateExtension vscode.debug-auto-launch {"startup":true,"activationEvent":"*"}
[2019-02-22 13:04:53.526] [exthost] [info] ExtensionService#loadCommonJSModule c:\data\tmp\lab\vscode\resources\app\extensions\debug-auto-launch\dist\extension
[2019-02-22 13:04:53.530] [exthost] [info] ExtensionService#_doActivateExtension vscode.emmet {"startup":true,"activationEvent":"*"}
[2019-02-22 13:04:53.530] [exthost] [info] ExtensionService#loadCommonJSModule c:\data\tmp\lab\vscode\resources\app\extensions\emmet\dist\extension
[2019-02-22 13:04:53.533] [exthost] [info] ExtensionService#_doActivateExtension vscode.git {"startup":true,"activationEvent":"*"}
[2019-02-22 13:04:53.533] [exthost] [info] ExtensionService#loadCommonJSModule c:\data\tmp\lab\vscode\resources\app\extensions\git\dist\main
[2019-02-22 13:04:53.559] [exthost] [info] ExtensionService#_doActivateExtension vscode.merge-conflict {"startup":true,"activationEvent":"*"}
[2019-02-22 13:04:53.559] [exthost] [info] ExtensionService#loadCommonJSModule c:\data\tmp\lab\vscode\resources\app\extensions\merge-conflict\dist\extension
[2019-02-22 13:04:54.094] [exthost] [info] ExtensionService#_doActivateExtension ms-vscode.csharp {"startup":true,"activationEvent":"workspaceContains:*.csproj,*.sln,*.csx,*.cake,**/*.csproj,**/*.sln,**/*.csx,**/*.cake"}
[2019-02-22 13:04:54.095] [exthost] [info] ExtensionService#loadCommonJSModule c:\data\tmp\lab\vscode\data\extensions\ms-vscode.csharp-1.17.1\out\src\main
[2019-02-22 13:04:55.750] [exthost] [info] eager extensions activated
[2019-02-22 13:04:55.805] [exthost] [info] ExtensionService#_doActivateExtension ms-vscode.node-debug2 {"startup":false,"activationEvent":"onDebugInitialConfigurations"}
[2019-02-22 13:04:55.805] [exthost] [info] ExtensionService#loadCommonJSModule c:\data\tmp\lab\vscode\resources\app\extensions\ms-vscode.node-debug2\out\src\extension
[2019-02-22 13:04:55.808] [exthost] [info] ExtensionService#_doActivateExtension ms-vscode.node-debug {"startup":false,"activationEvent":"onDebugInitialConfigurations"}
[2019-02-22 13:04:55.808] [exthost] [info] ExtensionService#loadCommonJSModule c:\data\tmp\lab\vscode\resources\app\extensions\ms-vscode.node-debug\dist\extension.js
[2019-02-22 13:05:01.125] [exthost] [info] ExtensionService#_doActivateExtension vscode.configuration-editing {"startup":false,"activationEvent":"onLanguage:jsonc"}
[2019-02-22 13:05:01.125] [exthost] [info] ExtensionService#loadCommonJSModule c:\data\tmp\lab\vscode\resources\app\extensions\configuration-editing\dist\extension
[2019-02-22 13:05:01.135] [exthost] [info] ExtensionService#_doActivateExtension vscode.json-language-features {"startup":false,"activationEvent":"onLanguage:jsonc"}
[2019-02-22 13:05:01.135] [exthost] [info] ExtensionService#loadCommonJSModule c:\data\tmp\lab\vscode\resources\app\extensions\json-language-features\client\dist\jsonMain
[2019-02-22 13:05:01.215] [exthost] [info] ExtensionService#_doActivateExtension vscode.typescript-language-features {"startup":false,"activationEvent":"onLanguage:jsonc"}
[2019-02-22 13:05:01.215] [exthost] [info] ExtensionService#loadCommonJSModule c:\data\tmp\lab\vscode\resources\app\extensions\typescript-language-features\dist\extension
[2019-02-22 13:05:03.578] [exthost] [info] ExtensionService#_doActivateExtension vscode.grunt {"startup":false,"activationEvent":"onCommand:workbench.action.tasks.runTask"}
[2019-02-22 13:05:03.578] [exthost] [info] ExtensionService#loadCommonJSModule c:\data\tmp\lab\vscode\resources\app\extensions\grunt\dist\main
[2019-02-22 13:05:03.582] [exthost] [info] ExtensionService#_doActivateExtension vscode.gulp {"startup":false,"activationEvent":"onCommand:workbench.action.tasks.runTask"}
[2019-02-22 13:05:03.582] [exthost] [info] ExtensionService#loadCommonJSModule c:\data\tmp\lab\vscode\resources\app\extensions\gulp\dist\main
[2019-02-22 13:05:03.586] [exthost] [info] ExtensionService#_doActivateExtension vscode.jake {"startup":false,"activationEvent":"onCommand:workbench.action.tasks.runTask"}
[2019-02-22 13:05:03.586] [exthost] [info] ExtensionService#loadCommonJSModule c:\data\tmp\lab\vscode\resources\app\extensions\jake\dist\main
[2019-02-22 13:05:03.590] [exthost] [info] ExtensionService#_doActivateExtension vscode.npm {"startup":false,"activationEvent":"onCommand:workbench.action.tasks.runTask"}
[2019-02-22 13:05:03.590] [exthost] [info] ExtensionService#loadCommonJSModule c:\data\tmp\lab\vscode\resources\app\extensions\npm\dist\main
[2019-02-22 13:05:15.348] [exthost] [info] ExtensionService#_doActivateExtension vscode.extension-editing {"startup":false,"activationEvent":"onLanguage:json"}
[2019-02-22 13:05:15.348] [exthost] [info] ExtensionService#loadCommonJSModule c:\data\tmp\lab\vscode\resources\app\extensions\extension-editing\dist\extension
