[2019-02-17 17:27:41.335] [exthost] [info] extension host started
[2019-02-17 17:27:41.375] [exthost] [info] ExtensionService#_doActivateExtension vscode.debug-auto-launch {"startup":true,"activationEvent":"*"}
[2019-02-17 17:27:41.375] [exthost] [info] ExtensionService#loadCommonJSModule e:\tmp\fbi-61-62-labs\x64\vscode\resources\app\extensions\debug-auto-launch\dist\extension
[2019-02-17 17:27:41.432] [exthost] [info] ExtensionService#_doActivateExtension vscode.emmet {"startup":true,"activationEvent":"*"}
[2019-02-17 17:27:41.432] [exthost] [info] ExtensionService#loadCommonJSModule e:\tmp\fbi-61-62-labs\x64\vscode\resources\app\extensions\emmet\dist\extension
[2019-02-17 17:27:41.578] [exthost] [info] ExtensionService#_doActivateExtension vscode.git {"startup":true,"activationEvent":"*"}
[2019-02-17 17:27:41.578] [exthost] [info] ExtensionService#loadCommonJSModule e:\tmp\fbi-61-62-labs\x64\vscode\resources\app\extensions\git\dist\main
[2019-02-17 17:27:41.758] [exthost] [info] ExtensionService#_doActivateExtension vscode.merge-conflict {"startup":true,"activationEvent":"*"}
[2019-02-17 17:27:41.758] [exthost] [info] ExtensionService#loadCommonJSModule e:\tmp\fbi-61-62-labs\x64\vscode\resources\app\extensions\merge-conflict\dist\extension
[2019-02-17 17:27:41.841] [exthost] [info] ExtensionService#_doActivateExtension vscode.configuration-editing {"startup":false,"activationEvent":"onLanguage:json"}
[2019-02-17 17:27:41.841] [exthost] [info] ExtensionService#loadCommonJSModule e:\tmp\fbi-61-62-labs\x64\vscode\resources\app\extensions\configuration-editing\dist\extension
[2019-02-17 17:27:41.948] [exthost] [info] ExtensionService#_doActivateExtension vscode.extension-editing {"startup":false,"activationEvent":"onLanguage:json"}
[2019-02-17 17:27:41.948] [exthost] [info] ExtensionService#loadCommonJSModule e:\tmp\fbi-61-62-labs\x64\vscode\resources\app\extensions\extension-editing\dist\extension
[2019-02-17 17:27:42.173] [exthost] [info] ExtensionService#_doActivateExtension vscode.json-language-features {"startup":false,"activationEvent":"onLanguage:json"}
[2019-02-17 17:27:42.173] [exthost] [info] ExtensionService#loadCommonJSModule e:\tmp\fbi-61-62-labs\x64\vscode\resources\app\extensions\json-language-features\client\dist\jsonMain
[2019-02-17 17:27:42.449] [exthost] [info] ExtensionService#_doActivateExtension vscode.npm {"startup":false,"activationEvent":"onLanguage:json"}
[2019-02-17 17:27:42.449] [exthost] [info] ExtensionService#loadCommonJSModule e:\tmp\fbi-61-62-labs\x64\vscode\resources\app\extensions\npm\dist\main
[2019-02-17 17:27:45.252] [exthost] [info] ExtensionService#_doActivateExtension ms-vscode.csharp {"startup":true,"activationEvent":"workspaceContains:*.csproj,*.sln,*.csx,*.cake,**/*.csproj,**/*.sln,**/*.csx,**/*.cake"}
[2019-02-17 17:27:45.252] [exthost] [info] ExtensionService#loadCommonJSModule E:\tmp\fbi-61-62-labs\x64\vscode\data\extensions\ms-vscode.csharp-1.17.1\out\src\main
[2019-02-17 17:28:04.410] [exthost] [info] eager extensions activated
[2019-02-17 17:28:04.729] [exthost] [info] ExtensionService#_doActivateExtension vscode.grunt {"startup":false,"activationEvent":"onCommand:workbench.action.tasks.runTask"}
[2019-02-17 17:28:04.729] [exthost] [info] ExtensionService#loadCommonJSModule e:\tmp\fbi-61-62-labs\x64\vscode\resources\app\extensions\grunt\dist\main
[2019-02-17 17:28:04.829] [exthost] [info] ExtensionService#_doActivateExtension vscode.gulp {"startup":false,"activationEvent":"onCommand:workbench.action.tasks.runTask"}
[2019-02-17 17:28:04.829] [exthost] [info] ExtensionService#loadCommonJSModule e:\tmp\fbi-61-62-labs\x64\vscode\resources\app\extensions\gulp\dist\main
[2019-02-17 17:28:04.964] [exthost] [info] ExtensionService#_doActivateExtension vscode.jake {"startup":false,"activationEvent":"onCommand:workbench.action.tasks.runTask"}
[2019-02-17 17:28:04.964] [exthost] [info] ExtensionService#loadCommonJSModule e:\tmp\fbi-61-62-labs\x64\vscode\resources\app\extensions\jake\dist\main
[2019-02-17 17:28:05.173] [exthost] [info] ExtensionService#_doActivateExtension vscode.typescript-language-features {"startup":false,"activationEvent":"onCommand:workbench.action.tasks.runTask"}
[2019-02-17 17:28:05.173] [exthost] [info] ExtensionService#loadCommonJSModule e:\tmp\fbi-61-62-labs\x64\vscode\resources\app\extensions\typescript-language-features\dist\extension
[2019-02-17 17:30:01.972] [exthost] [error] [ms-vscode.csharp] provider FAILED
[2019-02-17 17:30:01.988] [exthost] [error] Error: Pending request cancelled: /v2/blockstructure
	at RequestQueue.cancelRequest (E:\tmp\fbi-61-62-labs\x64\vscode\data\extensions\ms-vscode.csharp-1.17.1\out\src\omnisharp\requestQueue.js:45:29)
	at RequestQueueCollection.cancelRequest (E:\tmp\fbi-61-62-labs\x64\vscode\data\extensions\ms-vscode.csharp-1.17.1\out\src\omnisharp\requestQueue.js:115:15)
	at makeRequest.token.onCancellationRequested (E:\tmp\fbi-61-62-labs\x64\vscode\data\extensions\ms-vscode.csharp-1.17.1\out\src\omnisharp\server.js:413:40)
	at e.fire (e:\tmp\fbi-61-62-labs\x64\vscode\resources\app\out\vs\workbench\services\extensions\node\extensionHostProcess.js:44:113)
	at e.cancel (e:\tmp\fbi-61-62-labs\x64\vscode\resources\app\out\vs\workbench\services\extensions\node\extensionHostProcess.js:48:230)
	at e.cancel (e:\tmp\fbi-61-62-labs\x64\vscode\resources\app\out\vs\workbench\services\extensions\node\extensionHostProcess.js:48:952)
	at Object.c (e:\tmp\fbi-61-62-labs\x64\vscode\resources\app\out\vs\workbench\services\extensions\node\extensionHostProcess.js:642:300)
	at t._receiveCancel (e:\tmp\fbi-61-62-labs\x64\vscode\resources\app\out\vs\workbench\services\extensions\node\extensionHostProcess.js:643:64)
	at t._receiveOneMessage (e:\tmp\fbi-61-62-labs\x64\vscode\resources\app\out\vs\workbench\services\extensions\node\extensionHostProcess.js:641:505)
	at e:\tmp\fbi-61-62-labs\x64\vscode\resources\app\out\vs\workbench\services\extensions\node\extensionHostProcess.js:638:960
	at e:\tmp\fbi-61-62-labs\x64\vscode\resources\app\out\vs\workbench\services\extensions\node\extensionHostProcess.js:38:994
	at e.fire (e:\tmp\fbi-61-62-labs\x64\vscode\resources\app\out\vs\workbench\services\extensions\node\extensionHostProcess.js:44:113)
	at a (e:\tmp\fbi-61-62-labs\x64\vscode\resources\app\out\vs\workbench\services\extensions\node\extensionHostProcess.js:170:213)
	at Socket.f._socketDataListener (e:\tmp\fbi-61-62-labs\x64\vscode\resources\app\out\vs\workbench\services\extensions\node\extensionHostProcess.js:170:434)
	at Socket.emit (events.js:182:13)
	at addChunk (_stream_readable.js:279:12)
	at readableAddChunk (_stream_readable.js:264:11)
	at Socket.Readable.push (_stream_readable.js:219:10)
	at Pipe.onread (net.js:636:20)
[2019-02-17 17:30:10.036] [exthost] [error] [ms-vscode.csharp] provider FAILED
[2019-02-17 17:30:10.036] [exthost] [error] "System.NullReferenceException: Ссылка на объект не указывает на экземпляр объекта.\r\n   в OmniSharp.Roslyn.CSharp.Services.Signatures.SignatureHelpService.<GetInvocation>d__3.MoveNext()\r\n--- Конец трассировка стека из предыдущего расположения, где возникло исключение ---\r\n   в System.Runtime.ExceptionServices.ExceptionDispatchInfo.Throw()\r\n   в System.Runtime.CompilerServices.TaskAwaiter.HandleNonSuccessAndDebuggerNotification(Task task)\r\n   в OmniSharp.Roslyn.CSharp.Services.Signatures.SignatureHelpService.<Handle>d__2.MoveNext()\r\n--- Конец трассировка стека из предыдущего расположения, где возникло исключение ---\r\n   в System.Runtime.ExceptionServices.ExceptionDispatchInfo.Throw()\r\n   в System.Runtime.CompilerServices.TaskAwaiter.HandleNonSuccessAndDebuggerNotification(Task task)\r\n   в OmniSharp.Endpoint.EndpointHandler`2.<HandleSingleRequest>d__18.MoveNext()\r\n--- Конец трассировка стека из предыдущего расположения, где возникло исключение ---\r\n   в System.Runtime.ExceptionServices.ExceptionDispatchInfo.Throw()\r\n   в System.Runtime.CompilerServices.TaskAwaiter.HandleNonSuccessAndDebuggerNotification(Task task)\r\n   в OmniSharp.Endpoint.EndpointHandler`2.<Process>d__16.MoveNext()\r\n--- Конец трассировка стека из предыдущего расположения, где возникло исключение ---\r\n   в System.Runtime.ExceptionServices.ExceptionDispatchInfo.Throw()\r\n   в System.Runtime.CompilerServices.TaskAwaiter.HandleNonSuccessAndDebuggerNotification(Task task)\r\n   в OmniSharp.Stdio.Host.<HandleRequest>d__13.MoveNext()"
[2019-02-17 17:30:15.753] [exthost] [error] [ms-vscode.csharp] provider FAILED
[2019-02-17 17:30:15.753] [exthost] [error] "System.NullReferenceException: Ссылка на объект не указывает на экземпляр объекта.\r\n   в OmniSharp.Roslyn.CSharp.Services.Signatures.SignatureHelpService.<GetInvocation>d__3.MoveNext()\r\n--- Конец трассировка стека из предыдущего расположения, где возникло исключение ---\r\n   в System.Runtime.ExceptionServices.ExceptionDispatchInfo.Throw()\r\n   в System.Runtime.CompilerServices.TaskAwaiter.HandleNonSuccessAndDebuggerNotification(Task task)\r\n   в OmniSharp.Roslyn.CSharp.Services.Signatures.SignatureHelpService.<Handle>d__2.MoveNext()\r\n--- Конец трассировка стека из предыдущего расположения, где возникло исключение ---\r\n   в System.Runtime.ExceptionServices.ExceptionDispatchInfo.Throw()\r\n   в System.Runtime.CompilerServices.TaskAwaiter.HandleNonSuccessAndDebuggerNotification(Task task)\r\n   в OmniSharp.Endpoint.EndpointHandler`2.<HandleSingleRequest>d__18.MoveNext()\r\n--- Конец трассировка стека из предыдущего расположения, где возникло исключение ---\r\n   в System.Runtime.ExceptionServices.ExceptionDispatchInfo.Throw()\r\n   в System.Runtime.CompilerServices.TaskAwaiter.HandleNonSuccessAndDebuggerNotification(Task task)\r\n   в OmniSharp.Endpoint.EndpointHandler`2.<Process>d__16.MoveNext()\r\n--- Конец трассировка стека из предыдущего расположения, где возникло исключение ---\r\n   в System.Runtime.ExceptionServices.ExceptionDispatchInfo.Throw()\r\n   в System.Runtime.CompilerServices.TaskAwaiter.HandleNonSuccessAndDebuggerNotification(Task task)\r\n   в OmniSharp.Stdio.Host.<HandleRequest>d__13.MoveNext()"
[2019-02-17 17:30:19.802] [exthost] [error] [ms-vscode.csharp] provider FAILED
[2019-02-17 17:30:19.802] [exthost] [error] "System.NullReferenceException: Ссылка на объект не указывает на экземпляр объекта.\r\n   в OmniSharp.Roslyn.CSharp.Services.Signatures.SignatureHelpService.<GetInvocation>d__3.MoveNext()\r\n--- Конец трассировка стека из предыдущего расположения, где возникло исключение ---\r\n   в System.Runtime.ExceptionServices.ExceptionDispatchInfo.Throw()\r\n   в System.Runtime.CompilerServices.TaskAwaiter.HandleNonSuccessAndDebuggerNotification(Task task)\r\n   в OmniSharp.Roslyn.CSharp.Services.Signatures.SignatureHelpService.<Handle>d__2.MoveNext()\r\n--- Конец трассировка стека из предыдущего расположения, где возникло исключение ---\r\n   в System.Runtime.ExceptionServices.ExceptionDispatchInfo.Throw()\r\n   в System.Runtime.CompilerServices.TaskAwaiter.HandleNonSuccessAndDebuggerNotification(Task task)\r\n   в OmniSharp.Endpoint.EndpointHandler`2.<HandleSingleRequest>d__18.MoveNext()\r\n--- Конец трассировка стека из предыдущего расположения, где возникло исключение ---\r\n   в System.Runtime.ExceptionServices.ExceptionDispatchInfo.Throw()\r\n   в System.Runtime.CompilerServices.TaskAwaiter.HandleNonSuccessAndDebuggerNotification(Task task)\r\n   в OmniSharp.Endpoint.EndpointHandler`2.<Process>d__16.MoveNext()\r\n--- Конец трассировка стека из предыдущего расположения, где возникло исключение ---\r\n   в System.Runtime.ExceptionServices.ExceptionDispatchInfo.Throw()\r\n   в System.Runtime.CompilerServices.TaskAwaiter.HandleNonSuccessAndDebuggerNotification(Task task)\r\n   в OmniSharp.Stdio.Host.<HandleRequest>d__13.MoveNext()"
[2019-02-17 17:30:25.604] [exthost] [error] [ms-vscode.csharp] provider FAILED
[2019-02-17 17:30:25.604] [exthost] [error] "System.NullReferenceException: Ссылка на объект не указывает на экземпляр объекта.\r\n   в OmniSharp.Roslyn.CSharp.Services.Signatures.SignatureHelpService.<GetInvocation>d__3.MoveNext()\r\n--- Конец трассировка стека из предыдущего расположения, где возникло исключение ---\r\n   в System.Runtime.ExceptionServices.ExceptionDispatchInfo.Throw()\r\n   в System.Runtime.CompilerServices.TaskAwaiter.HandleNonSuccessAndDebuggerNotification(Task task)\r\n   в OmniSharp.Roslyn.CSharp.Services.Signatures.SignatureHelpService.<Handle>d__2.MoveNext()\r\n--- Конец трассировка стека из предыдущего расположения, где возникло исключение ---\r\n   в System.Runtime.ExceptionServices.ExceptionDispatchInfo.Throw()\r\n   в System.Runtime.CompilerServices.TaskAwaiter.HandleNonSuccessAndDebuggerNotification(Task task)\r\n   в OmniSharp.Endpoint.EndpointHandler`2.<HandleSingleRequest>d__18.MoveNext()\r\n--- Конец трассировка стека из предыдущего расположения, где возникло исключение ---\r\n   в System.Runtime.ExceptionServices.ExceptionDispatchInfo.Throw()\r\n   в System.Runtime.CompilerServices.TaskAwaiter.HandleNonSuccessAndDebuggerNotification(Task task)\r\n   в OmniSharp.Endpoint.EndpointHandler`2.<Process>d__16.MoveNext()\r\n--- Конец трассировка стека из предыдущего расположения, где возникло исключение ---\r\n   в System.Runtime.ExceptionServices.ExceptionDispatchInfo.Throw()\r\n   в System.Runtime.CompilerServices.TaskAwaiter.HandleNonSuccessAndDebuggerNotification(Task task)\r\n   в OmniSharp.Stdio.Host.<HandleRequest>d__13.MoveNext()"
